[30-May-2025 09:11:32 Europe/Berlin] Database connection failed: SQLSTATE[HY000] [1045] Access denied for user 'your_db_username'@'localhost' (using password: YES)
[30-May-2025 09:12:07 Europe/Berlin] Database connection failed: SQLSTATE[HY000] [1045] Access denied for user 'your_db_username'@'localhost' (using password: YES)
[30-May-2025 09:12:27 Europe/Berlin] Database connection failed: SQLSTATE[HY000] [1045] Access denied for user 'your_db_username'@'localhost' (using password: YES)
[24-Jun-2025 05:57:27 Europe/Berlin] Form data received: Array
(
    [CRAFT_CSRF_TOKEN] => KDNQ_IMQxHsoLlS74uUU2XLFDoG9TaaQKkhJTLLNxolDOc-y9g-NBGRnNZDoUvEyd2ER6LCMWps_g0u07AaU_20xGTbnvY_YKnyAyoxY4DA=
    [action] => formie/submissions/submit
    [submitAction] => submit
    [handle] => bookAVisit
    [siteId] => 1
    [fields] => Array
        (
            [yourName] => Array
                (
                    [firstName] => Rajapandi
                    [lastName] => Rajapandi
                )

            [emailAddress] => padmesh2019@gmail.com
            [requestACallBackFromOurAdmissionsTeam] => Yes
            [nameOfChild1] => Array
                (
                    [firstName] => pandi
                    [lastName] => Rajapandi
                )

            [dateOfBirth] => Array
                (
                    [datetime] => 2025-06-23 00:00:00
                )

            [proposedEntryTerm1] => Autumn
            [year] => 2025
            [childsInterestsHobbiesOrAreasOfTheScho] => the school you would be particularly interested in seeing.
            [address] => Array
                (
                    [address1] => 123
                    [city] => Town
                    [zip] => 123456
                    [state] => State
                    [country] => IN
                )

            [additionalChildren] => No
        )

    [g-recaptcha-response] => 03AFcWeA7ZiSGEsq3U_AMeo9v-bXQVuW2l3NcgjRt63P8AmTz7_ZVUfsXkYGycE9sQLSqCRkPPfOfKVfxEuYthi-5SwSlUCwyjZOvVvXZWhNzXBMsQeEVs3BzpC3LgdeyQZNcpWORSFCrp65gJNsvvFbzl92K_SP-QkdLAj5Fauydt1d6eLfKnppXq7-xEGVBroQnmq9UkR12iRmAWYV286JB11EJDvg_w32EAZwKIABpV_DMMtXVb_N_9r1f1zpaWtm8ZHRkSgG7kXChsU3BxIDQ5omcHhkaVJOXpkE5yEFQkyyNTUESgssovz8ZGDI-4gbmt53iDamkjbVJ5SVg6IHF009EG3ea_a_L5fdUACe-nfCfqklyKGegLMVGYgx6Ra3nmLEncuggVe3Rcy9dUMJMVlyMsRS0tghd9YSTyj8YFzPwsEjsPQop9LhylgHYPyHHiWDFLjHsLfPo0TxDVpP2l50TqpvHkDxQHr6zTn5hEdEQiPi1zy4fvnVkjL3Ovd4YZvGjtmBXoMkvVs4OpgMIuzULKIlzsMiZGm9e2v0FwxTFLyKMsvAvyPaAM2Ol4FKe6vIUJzSOBeJqE922a8D9IfdbtoRirAZk6ptWGvJOJ2NSpmQE6qw_R_GjJQ_oAKfUBMlHUfjiIh0FaSzNGe8esd8wBKVPJr_mIqDtWvsgpOcttKNhFg7uqXsYESNJpagPyEIO-IiF8m0qYOKR-1MnfPQCUDb1SR00tH-C4L3JqoyzwslGrWVAeCHkg9UxK6pj-rwQzk1o8VC3zGboT-LY6Nm23kVSorypS571q0pCeXqoxF8a2KB6H3IB2GFG8swTI1YjDc2QW77puTf5SQxD-xcCVYmVRD-9LG-LjUA_6meg-bzAFgj9fy7erHvViHRmVIX5zjEtfkFdlo54tV2FYrw09fZHJjK42MU1pN1-mFkfmSIz1oJ4PN2aXoDix2XA8dVXs6cZtgxB7u-23rnpqMAHlXQ-k9wWMO71d7C3dcBU76bRDH9B1cK-1Js1byKplPKf4N0spmEnpnEsM323V5fyAGASl192wfS94S5ujqz2UJVTJFymocgTgdABs-GtdniVKpKdp6-sAvZCf7vf0yTuuxb6OW62Fl_a6jc2Obc_gNSb2DpWRS-2Lk4aFcF17dqtkZUPGa2dr8fvrLW8LVOQRto1xLg7uqZt2REtH66su0XIoc9LNIZ5X_zHUCyyTGugx1qs9yeQ4PpxhR6ngP2uHM3jPqYWvVBMDfi33Rcla3oXQ1FEilf0NqqeTv0QyVLTlj9p5F7_PRsL8DLwg-clWvRuysXFcQMe7wN53O9eLhbTx0n7dacGSpjhzNaaU9ZvQFV8m_hMetvtRjc1pp8SBO9g58UMrzAuM9-8niN6Q5cCz2jvYmUX-xkGZta1jHgRP369KQfkd2oLjNGQBbAul0MwJ_18OwqkWOQF-HaYN_EYUqwhY-9Uz0pQwZupzbooD6SW3mxMFwuk8hRX7FzoB5lhL9w0Umx61rVNBo-FhXxPatwVp9OX3sK2eY_G-LATHE_aqCcNFWUx5ZWgxWuPbCrvGsoQQRgrEGoI4VlZmEksVv1C7SuyRpniPUdVIWYR9U-zQQ260UYzU4Wo2Gx0hQboKcvLN_lMl-0W05t5_fZaWcHWucMkKYNf2UVusXVFmdBZZ-DbQNd5gpcpQib0NuuvusvIdF8JFOhsK4b2ItfS3ZavJOUiTBtYvV4E3t4nPr4r0N_y4C1epXMwprRPHAt4W68ksy46wdCDlCF9ldZ7E_duOpIHvf3CgsYDXYvPyU5mLCErT6V0zgbHmmBpg7zdZto3gWQGsvNeRLnV_1lz95uHrZxU1txUS36YfyUI2CYKXGka8rY0EBwpLOP5SgR1fIdV-_UzrF96CCIyWgPL2Es0eeZnIImntNc5z2zjC-vSpgaVIMRfnyYaXp8YJ1QSvFufsOlJ84kb9F9QrDi-x24YP9ioph6CLuCpOhVrrD-SCbRnPh82Rx0sdxhRHzzBSqgrX3ZTPxaTQa5XEgImJ1TSw3PL5KgHeCcgek8_5XC03VD5k_CwNig6zJ7SWKVqNJccjdt3IUIxilZPQSmfzTM7FTx3pi2axwuSYdNYMBpfY
)

[24-Jun-2025 06:02:04 Europe/Berlin] Form data received: Array
(
    [CRAFT_CSRF_TOKEN] => KDNQ_IMQxHsoLlS74uUU2XLFDoG9TaaQKkhJTLLNxolDOc-y9g-NBGRnNZDoUvEyd2ER6LCMWps_g0u07AaU_20xGTbnvY_YKnyAyoxY4DA=
    [action] => formie/submissions/submit
    [submitAction] => submit
    [handle] => bookAVisit
    [siteId] => 1
    [fields] => Array
        (
            [yourName] => Array
                (
                    [firstName] => Rajapandi
                    [lastName] => N
                )

            [emailAddress] => nitrajapandi2019@gmail.com
            [requestACallBackFromOurAdmissionsTeam] => Yes
            [nameOfChild1] => Array
                (
                    [firstName] => Raju
                    [lastName] => N
                )

            [dateOfBirth] => Array
                (
                    [datetime] => 2024-09-19 00:00:00
                )

            [proposedEntryTerm1] => Summer
            [year] => 2025
            [childsInterestsHobbiesOrAreasOfTheScho] => My child has a strong interest in creative activities such as drawing, music, and storytelling. We would be particularly interested in seeing areas of the school that support the arts, like the art room, music room, or any creative learning spaces. Additionally, we're curious about how the school encourages curiosity and exploration in science and nature, so visiting the science lab or any outdoor learning environments would also be valuable.
            [address] => Array
                (
                    [address1] => North street,samayanallur
                    [city] => samayanallur
                    [zip] => 625402
                    [state] => Tamilnadu
                    [country] => IN
                )

            [additionalChildren] => Yes
            [nameOfChild11] => Array
                (
                    [firstName] => aij
                    [lastName] => N
                )

            [dateOfBirth1] => Array
                (
                    [datetime] => 2025-09-19 00:00:00
                )

            [proposedEntryTerm] => Autumn
            [year1] => 2025
            [secondChildsInterestsHobbiesOrAreasOfT] => My child has a strong interest in creative activities such as drawing, music, and storytelling. We would be particularly interested in seeing areas of the school that support the arts, like the art room, music room, or any creative learning spaces. Additionally, we're curious about how the school encourages curiosity and exploration in science and nature, so visiting the science lab or any outdoor learning environments would also be valuable.
        )

    [g-recaptcha-response] => 03AFcWeA4ojQ3tiGxRyTxkD9-CBRP07vq0rm4-e5twIaF-BKzHSKNO9pH6urKEFObU5qjEKY6CLld275a9ZncRcvLQMXhuyeGOpmdEjVbpASyT1W2Dd4uhLpBGJ2y-RbxwMSRlfeqyoGm2cfd4BkwwQlJeK6bKxGQn9318bamwEuBLkXyM1gf8hBb77idMR58isig4WqpH9AlbA8qadTox4t7tf_FjrPYeWH8Ac-R1TSGn2fG1caJG7DvLuqgd-WLFxrwevI9yi_hR_Rm2Wh3aowAa-dE03602IKguddk3eFgTIE8FuF2Ad0h6OTXAMuFueVU8_Ht33vRWGXDL8Jlm03c-MiHjO6O5VI1GJOzv8y85w3z-eQLOQ2eJteV0Tlpq1JotxRS2J3nhyF_KLyQBhjm9hEmSPWm8esjCb0lr2RopzT6uVvgtQsBm0Hh9Lfo9qsjI1WuNdw_7_oBHE_LWTzokftkP9Y1e0P7w4rwVSN2_VyyC7Eud6zH-axMPsG3fFYsUR_FVI_037KhkA7UOtVH7tuGY74HRFWkBEKUS9US9P9rN9hJvf0qEO3CWKYma1R1TuedRDAc7IsAswk_fzIkRcUHb81eFnYLP9SpGixCoe1EYUPSwJ-cvTjkFWy_fwuupxl0puzu5_f6XjCL4WGxQ4uc7vm_1wyY5yJ1evidywZjHMOUHeaWQ37Nt0OSXEDwR5kSkz3acZYK-fFmTLGeTO1ISkzxVZo1_zzEjVA_2157Ea9JgOQQPl4xD6SoElQ3bTezywPjtxdPaWeWZjwsc-1WD6uPnFOy_EnmTkatX6CCzKorwB9uLlegzh2ZIc4hNx0EkR2rsAk8jXcM3LLiabcP23Ex8SS7w9-pUJbqH5T2PXpmnDEXL_8g8NuDfTRDjGnXtfcIXHRLpFVZafC_6FrkRhxR0dirEGk7ohG-9NBnO_TxlXNu9zB3R-Yees5LE8ZqccvH0A_xtjef_1wMe_DzQb5I4IvFVkXpZu3l1wcEQEjqbUnk3B3x1u0-7ZPqEbLAnNf0gZu6ZXPOc5XyVpS9TeiNBuI78V0lT_Y98Wqoiho8ztTEZFQhlN3ThYekSH_DkYBkSRW329oi7gmLuDJg5L9JrMO3jsTls_SwlPq3miau1OjfI1EJyswdKIr-qEOt8P9-wrOa-Jmsbaq8E8ssbSaHyqwbgygV-FlNoBLByl4LenqiWWiHICvU_zYNhq3zmA4CPp-x14758nhrxBlD-tNspihTASgJqSi_2kM8fUg6tHhhhA2VyM2Rc_5JmMB923u2figdXo6vR4Fi0Nx_hMvg1vnT0wiLIQTEuwUVf3S-YGXswRYAnbXRP75N6bZDDIQA4t94W73m3kExhCHivNijifNytk2HDp1cavfyBx9OI-FLhaevpmhsXLkgePnruQKP2IU6vhv_VNZsi55lFoPle75GJbdCNJBOuMC47qTlZfBB7qjuCj8Czy34WXoXzTD62aiEOkNS6S195cxzJC4pt4Ug5jsRAk2z34K__w9oOAlVPvYOQXh-8i7m_3ptjWlSFJ9aDbjjWJ-0OgMbODxO9hWlfEKKsB_ZIQlMQhKJSYdYkA85hiA36VgS-wTeD4Ded77axVizVOUpuo4F5lPi16PnGtReHrEyhzmxOVEP_3h1aH6yV6Lpttjr859-Kitwxi3GU_41wMk0oDWWOZYg6nx1gc4k3O69ORB91hGJA4r0yGqCl7P5pqNlgHy150CLodD3xeVF330uxsxw7idwHQWodilQr-yF3EsomOu0GsHO5-32nYb0Vd2QJIrjtUI6JfYPeXBu9iCsqRZt0mSXOtmvUtffOqmuoe-pAbnvQHJjHoPgikes9bzQwqZTN6uUnEcbszlXJKR3ERHaJXl2L-9ps1SRRLkOjvGe8x_2W1XsiI8F3POKM_Z90sQt9Tk5UNYXPCcShg-oB7OZtpzIGIQx-o-Q206awmYAP7cc7MaLFih2_GRSReW2ZdMPPw-aYrg8iIN7tr27EKkVU2K4gzBPAXmRJ9ElJI-hTxPD4bQtopkEPfhLoK-ZA6hMpUfriH82fJ-vEexbb6pR0EIdrMXlwiUz40TELaFjyPAFt320WyQ07BfgKNqrsLCOuS40pgKKh9HeOT1chYlWl2dHxBw
)

[24-Jun-2025 06:08:07 Europe/Berlin] Form data received: Array
(
    [CRAFT_CSRF_TOKEN] => KDNQ_IMQxHsoLlS74uUU2XLFDoG9TaaQKkhJTLLNxolDOc-y9g-NBGRnNZDoUvEyd2ER6LCMWps_g0u07AaU_20xGTbnvY_YKnyAyoxY4DA=
    [action] => formie/submissions/submit
    [submitAction] => submit
    [handle] => bookAVisit
    [siteId] => 1
    [fields] => Array
        (
            [yourName] => Array
                (
                    [firstName] => Rajapandi
                    [lastName] => Rajapandi
                )

            [emailAddress] => padmesh2019@gmail.com
            [requestACallBackFromOurAdmissionsTeam] => Yes
            [nameOfChild1] => Array
                (
                    [firstName] => pandi
                    [lastName] => Rajapandi
                )

            [dateOfBirth] => Array
                (
                    [datetime] => 2025-06-10 00:00:00
                )

            [year] => 2025
            [childsInterestsHobbiesOrAreasOfTheScho] => the school you would be particularly interested in seeing.
            [address] => Array
                (
                    [address1] => 123
                    [city] => Town
                    [zip] => 123456
                    [state] => State
                    [country] => IN
                )

            [additionalChildren] => No
        )

    [g-recaptcha-response] => 03AFcWeA4A1iVbtXLvhAp-LPZnHS7qDY0jJR6it8ElFKWkQeway5NN0m-FfVLFmEsjQeR_CSLGVRLNrUX7N3FqG53bwZ6eu0vZ1qVJmlRFFJAUvZshHY3iySJ0Dt_SCX5HsmgWwYMh_kIxK1VynY0vwTptLnso7GsVJfL2g9asvdATIyFjMflWYnmsQh1KYKHs_y9SkE1wr1uFmXD7XxARGqzwYzjfM_EaQ2t09J1rigeFsjK46ivGxd5ih3Lsj5o-7QpClWDPHv_bsRZGa_cuuppVsHdSTwF7yERjQYuNySDONmEWRj7bL-fRQCmvZ884TJWq_SrP4z7eQLr1vOjBsnyjpFg1OejTLPRRSmYkfT4ol1_HaGt5PqnOLYZpuG2OfvNlCbjfxZ5n5sBR6QHmzlIhng5zbzaDeK12MlNk8GDKBAvX7WlYmeLcd4TNlcSdmR6leRNklQ4UO2d57aZz-PSn3_6LKR3t-obYoghJ1GYw9BsTM_yg2UC3Cnj7dSMXLnvF1jEuyCX1uKB-jQpGy1pghNRuDZ17d2nz8nHGJpDTENjFssHE93p4fybor7iMR2hN1RMyKzLc2XSswxk0uWa-3vy6HcpVAP9MTB-UxQenrtr8ClEhlJRN3D2MHi9Ao9uGsA4__FCv6LzjT1hFeOmPmNb2MLcTM2NhUPHIOgmS-WNtM9sjb-deghQ-MzyvoHP1FnS3jNYow_wyUJlYavdO-QoxXR-UbLTyTfOP8Cm46h1_VYP793-jYXOayWBr1CqhAu3fDL25PN68cikSgkXt2z29wdI9_q3zeGkvBgq3OB55r6pbOEf_eiowP7ddIouEC3uKaLFE502tUfVMc4fYPtSb6QuMrVndJPdpYIpRCWa9vxufGrPz10dLLAvSiEq05yFRRqqXCc7UOIJVKrekzsPrDTGhJ5-sGuPbnFR9HG4ihBneeIEppKaHB5B0OFI42kHdHx7wtNKU10bsI7Ao1nzwn543fNBqkfD3OMzWhgxn2V8e9niP7gHNDD6gpNK9b66Rtrxv6OlQ_KoEPTBLeJNJgLLFCGc_ixqM-U0s-u9ZkbsnmyMVS_LM_3-kUJC1mMgFqP6IX28c6COrSQP3VIK5DXZLYCCb9ttTmudV0Q_hzeON7khqLE4RVw7YuC2GBx4eZ7FOLOYZ7MzID4C1wDOAEfMLJt0SgUGrjpkQbZsFqEmBd2zPYpPpKg8rdkaLMV5um_bRD6Bdr1Akmflbq46Gg-YzmJfQUep36j7t2XgLojFfuxINlj5eGyhToiqBltiIes5_Q5H9ywTw-YJjWMZolZDC6ptJM77z1wdAKo_eZIEiMKsGF3kvugnSaTcO_d3aord9PEcfGi0Lckp_xc5O4cdpeAo9z3m0kqmOEt7sqfAMycrUaLSDLF9q4_xaUsfld0GURGWBmx27c770kxiOP9svKXQyp94GRZxis3S92KqosZB96VbcFCcFWYh0LVGM6135mgEY7ht3L5NHI2GG49hR79x8spnY-yqTmG8C8yKbdusiSBDt70o0kO9y0wgbPUS3gkfA00zPqpViXVMQ6ud__MjSAxbcdJ3Uu8oYB9-Y2Wj2UNIdJOK8F9AbOBRnhYK1pTuou1nTzlI3cjS3k3wuiAe1A5z8I88uJwyJXD9iQfRxuHUdkwEt8-ficew1SLGPtca4HS9OL-bICGWDir1G0F5jv6hYwhhDbTYAsFxGrlvAiMVwy5_w8tpRt5oTmKepTp87MrO-U0PiSFoyEJiaxQsmTADqQ9ea7SeVTns80-fMQ26GUIkc5-imG8kDStXisqqfPghxLRW0RFYiA3_j3SpxdZ0d_lEeFkaNskRaXL0BGdt9dgUFEnICFDIK4h4dkJCReUUoTofInSBa4SV5QI8tWJJCZFqLq2VDoy1kHGZ5TVv3ebw5ub72sNThbrHTyhCWa37Viwa-nZK6bHGfo-t-YTlbnUnREtwbaZvlJ4XWbyx1rwrNQ2OPcyC0NE9jIGr1w3dsZgdJBc7r7_WISwscJHu8NvDmDm-fpgACrrqsvQO-ItnykZCAC_VokLD70lGCCOAM0OHZjEpbxuADW1wHTeaFL60Y3LF2Jp3ByDQ8IuSeUcNIU77I5I7XyKQA0lKT2RzfK4O277BRbbQ8jA
)

[24-Jun-2025 06:16:49 Europe/Berlin] Form data received: Array
(
    [CRAFT_CSRF_TOKEN] => KDNQ_IMQxHsoLlS74uUU2XLFDoG9TaaQKkhJTLLNxolDOc-y9g-NBGRnNZDoUvEyd2ER6LCMWps_g0u07AaU_20xGTbnvY_YKnyAyoxY4DA=
    [action] => formie/submissions/submit
    [submitAction] => submit
    [handle] => bookAVisit
    [siteId] => 1
    [fields] => Array
        (
            [yourName] => Array
                (
                    [firstName] => Rajapandi
                    [lastName] => N
                )

            [emailAddress] => nitrajapandi2019@gmail.com
            [requestACallBackFromOurAdmissionsTeam] => Yes
            [nameOfChild1] => Array
                (
                    [firstName] => Raju
                    [lastName] => N
                )

            [dateOfBirth] => Array
                (
                    [datetime] => 2025-06-19 00:00:00
                )

            [proposedEntryTerm1] => Autumn
            [year] => 2025
            [childsInterestsHobbiesOrAreasOfTheScho] =>  the school you would be particularly interested in seeing.
            [address] => Array
                (
                    [address1] => North street,samayanallur
                    [city] => samayanallur
                    [zip] => 123456
                    [state] => Tamilnadu
                    [country] => IN
                )

            [additionalChildren] => No
        )

    [g-recaptcha-response] => 03AFcWeA7SUZWDlRF15tMy3Xr5QcHA-7Kb5BgOCYmHOpWXicxpYII2eAN-Zzf_RrIUPWqkxiMRlgKewwBvuZbqne4jvGcNZYmKxs2YCbi8SBTerWtsZvFzhrU8BNI9Ew6aZNj_GrvqS35AuKdshJTyVBZ4nr_WiqKPQTfOrq6U_zu4DdBcnmi2ktOQhUFWNDEmO_VvTzK4LQYmbzoRLGUzyEky0DauJ22muYGnQzRKJZ91rdr_k4r0VLvKkj3wgBDG6oNklkyRS1moXHfDPKRvqDdmwRqgpN4rcSXH3RY4KB7eGo7v0z5oVFDTwGEIA-Cfoc_ah1RlyJGTQY_vuyyygniI2waSR7Y6nISkgqMDnuS6g6kpC5Uq7-0PskjkmZXsBqm5QSPPtllYifUPUvQG2lgItrh_6C3EH9Yv1N6gpe0evbUXi4GjGl_5GlIjqNplFxjKySq7HR2WwIAZzQLSL-lFXQNpJuszZcHd0sHywVsN1wheIf1bYdzjFSM1x-GgGvV965jUxAyY1EY7Qy5bsGZsztYCzHoivSScbEbkgOXAkTekM-PchMylfjMyv_GuR35PaEuSGVI3KSUshz1cdgoNlSCtzAyDY6ENvNKpq203tRWz1Xeq12tCKbPwzFBamC9ICaBbdbsYidk2NLSGnheIYZYVmuNnqgxks_96N_Toq3nJp4BZxqMxy_qfDDafZgFhrAPogU5Aeh3i3emULYRSHwLhotvwrcLd7dIyvzYPnRM16A6LTDzg29LdwQek8aMZfQP0WGws7dDenXLbM55hfTeYCy5cmNkodGBcYa8Cko6I9UIIu2y-skX22GWny5ygu4NCYW4foYT4Q59JEOLuPCtFVR4mwmc-RAyLtV7Zq9zEW7K9pWpkefVAGnQJwiGfr4uE4Bcufc1DlRWBHoyMU7J7jsPnQLJf8WjOMb5VsRlJlahh9MuOpymgE3KEtkxnGbV9lizBcj7IH7mGq94UBz-gzy1meyzmk6ZvC-bipVocXzVVXHODMFalyh-OXIT2IfrzI32QQoegN_wrR7CuukSc-QU4qQkMIXt3VPAmc7Ood5jOQjlQvZ9sOWrOJnY1dENBYF_KDbil9Q3vONfoBlWgNfhGI-GWJBsf8HQc4_DdZvzMrq1wY0wyRNLJaNF1GkS5fmg_nCqiTPStGW3RKYzJre663ecylx2RWjmHBKC8KVVcqkYfM8oXLrmeMxDr8UnbkxjVBp7PSk800ZvauYHal4do823O8uoIi48GBj2O7_58OwX0m-ewrLu5QmKkrqZ3SADU0FoA9pLTgGyGDO7gkBJQuEq0RZ4munyHkR9o7bT5Pch31r1vvNWDDD3SRG5k5ZUHjs5PB2f9jA7S44MscQose_-p9Gm2ux7BIedWrKufl01MB7cWeyu3WRBymPc-jVobCzxmXvsVdzCJNjYuaJ3IqUMdNORNPMcSx579xbYIthAzgrssDCb9umi3SduKnFkV6e08dyQ1kUty0HxSsUPzf1nWyCRQkDD3qBzMu9STVmzFoIFlSETo5AdOe0s3MKm2S0IiECxfZJjUZJAA5fyX_UAs_mNBecySDScIOvef9u0sllXw9g6QqtfhSnkjAdKMuLoq74KSmpAPiLWO5aDeE6wKf8mnZrIeARRxGO4bewhU39VTB8DYoT5fE6HBJ0lTB7667KA7xqansTJ1Lgwl92RcXYRAQIhbq7FLrT0FpItciLgeCbxHswfV5ItXKDr7ofz82RM0IcJpz_ORqV5nBLO7o6-qjaXebxVe4IuCitt60kYOAYcaAva0HnEojH2QNCrrzQWBBufYUV-nZpGKqmXQTUttk8TWw3ISZWIuM508GeSwbTGlDKRTLQuAZR2Sdp_UkXeMH7-RPT0ln2C5OOpQTBlv_EUDMhKNFHFLMGrtox5KULnAB0EIBiKllhtD2nsVgLsAQosN7AT_X3aPmcTEmWrtT3nw0BqcEf57LRN0AW3zYZEU6bKQCFumHvLS7TXu87_RPaNtw01rT9mh8QA4gprRKqR4KUMoBLnFcoCPjvIMyo-lc0f7lDUZZLWjcf4QdJOlhkv_Lwq8Z5h8bHeenFWSnmRglzA6bL6SImdRDw_yZh0xenuQ9v3ptT26wIBz6mbU7HreTIw_md9m4vd8-PW2QILH6LvKJtAZqUdh2rxn_CtzDlEWEep6VmFbbvXplpU9uikGap9ql93hDVjgtaEzgq2l-Py_4vK3KNcpLDR0jW8u8b4-mBrIksbV0y8Zgb3YpV0-ehqvPWD0IraevM-ayiA06_Hb5zuNaNvSthCTThDW9AehUsqvnru-
)

[24-Jun-2025 06:21:57 Europe/Berlin] Form data received: Array
(
    [CRAFT_CSRF_TOKEN] => KDNQ_IMQxHsoLlS74uUU2XLFDoG9TaaQKkhJTLLNxolDOc-y9g-NBGRnNZDoUvEyd2ER6LCMWps_g0u07AaU_20xGTbnvY_YKnyAyoxY4DA=
    [action] => formie/submissions/submit
    [submitAction] => submit
    [handle] => bookAVisit
    [siteId] => 1
    [fields] => Array
        (
            [yourName] => Array
                (
                    [firstName] => Rajapandi
                    [lastName] => N
                )

            [emailAddress] => nitrajapandi2019@gmail.com
            [requestACallBackFromOurAdmissionsTeam] => Yes
            [nameOfChild1] => Array
                (
                    [firstName] => pandi
                    [lastName] => N
                )

            [dateOfBirth] => Array
                (
                    [datetime] => 10-20-2001
                )

            [proposedEntryTerm1] => Spring
            [year] => 2025
            [childsInterestsHobbiesOrAreasOfTheScho] => the school you would be particularly interested in seeing.
            [address] => Array
                (
                    [address1] => 123
                    [city] => Town
                    [zip] => 123456
                    [state] => State
                    [country] => IN
                )

            [additionalChildren] => No
        )

    [g-recaptcha-response] => 03AFcWeA5VaaiaYJCySi4Fu9G-34efUd9cfbfSXfqmk4vk-MHhlwHXBwQ8jcSMNyXOLfaDVDD4et_JCgPx78G_VI3DvAMv9lIcvxdy8RqLptADqDvCGRVyjQ259Ay8fvkEqqM86q790rfo_cCP96KhQZqdavDCx21W2c6et7BtYbnVkNM7QQ4yms_oL1SImLEXTa-BgeD4VXe-WARkW-x0VqMLIt0EsjBygXV3bZ8tv5jYjYNHLbF6hOKMKY6E5tzQPkNUwSLU5s0GIB3lnrlM9dg-_e6jbFL8vjhkt1Lzg2IHhA-FykY14_BWDkI0-q2zxIR2XSHUca32feln2r_xBjdxnlekI0c85wEm0k20ZXD2N_JzyXBOFgnEr3GD5U1hpeShl39euKJwoiRmJ-hHJ8POHcgFKlZBh7t6lyhXiOR1H38IATHDqEkNEKmMWkmi16f8Oon6lS2hyYj3EqOoiwpzTEgf01cpITPx9RMH01LKvCU9jp29L5bD7jr4_bpIU-VIef9AGxhgdDMU8Xqw4VDgWW68l4kxS0FUc7Bb1ZDMNvGRSvjvwegLHa6tsq0la67TNFzmc9W9WqQVQa3jVBi1ir6bPBFaDWqlza9gm98RrsCWcAXTHbK_GRjEit_5JG9LWh-CmuEj0JlF6f0-W_8rHEXKVoDQVCAL7FuLczXSxQyfKO4Fwqu596_fdg_7rXFF100s6oOt1sEnd0LK_7X7xOBXjCM09j7FDDmm1kCd1ly0qjj6SACt4ZQzFSVmnp0404wL0b1MozwOfBYC7UGwBydRJX2hZygir2wYDNxTizzmEUlhCKjJuo9PTmj7juz-AY0nNoHG4R51ouAqUMLp4ImQ8mscsQaetnfK7QhiWMc1EiTqz_BEL2lC9M1f_0ylIM32CsTtfr4fT_Oy4p_44jhyRrk0zeWdnbRFor7HHhEYm9GPKEfJNNDFBJTHeO45kyfzNncAvXl6KAcT6nIw1f-FSuyF4V3bImHnetJwW7rnD2NP6RVMZvK47pWJeMw2YtWQ07z4nAlTJbVhzjWwSZeUtQZdlqqCCYNeZK8vv0FCe6vRNRUEQeauhcOOCbcryrjpAOt6zgYxnz4xorLFyXWWb3i_8XDFpxmnDR7sdjKYYGGI2fZOtuKfWn3_csV73_CK1QxR64x8HSlOYiDpQAr3sHq3jFGNTR3ufQyuIl3cstRonHoiHL_gK40WRG2mqfSVQi09GzeQl2cUzUZwMOzBbqO7gOsgTpjk_arJKDTrywexuEupHkF38I-iR-TONUbdU3DGvmTsBaiaADlx53MeTIxLT479fjQjNVfyOIBqrjHfMgIhVGJGKla1YM1eHktHbVkb73rgCqA5KKsPgCfgnrlM6fx_Q88fbV6dVVWiimc6nDu9FhwWKzHnQk02YoLriaCarhojjbrEunct4FozXRLJEjqmVoHlRC5U0MO8DKMnSb8ReSjLyZ2pE1UIXOVcuHwXl2YrSBb3lxlJeY84It4ahNU8g6NxsIxvc6FCo8SgRXZqs__XyvQZJgkCSmZXN_DWbehF3YZpTFUBdt5DU-9-0JEg2qmEJQ59dcEJWGbRmUdxtg0qj-f88P7wALrnlpQq6aVkk5OOvFlTCre-vCw5My9v5LX4OJjb4Bkn3H_OkIOizq3p3oglH6VikaCJihPMFHlqBdkRBeAV2y8QZnCI9CzjnmYMI0c0My5HsRne-LN7_ah-vApnj_ETBJyVSrU31NOTwWF70zO0s0zHeISUctFTvY9Pkf_OCOvdf4sPQ4tUK5YKF8l81rudkzJzJs_6AE5jJrTZyBr_ks1Rn4C3l4RZfBbJualU-AJuitYDX5C_RrOyaJZwawuOdNeseHbxvXKmCmrN1N682t8nJJVEyi7bNC2VNXYeNuTyrpq8Svx-fSqQ4Abr9cIpX5WhUOydvl5K9H7X2rWdPT8ndpZ0sJuZFZU8AtrNtVg-65DRZ02K38c81Ojlm8D2TFhalj9R-nmXMTjDxQYgn73-jMCr2HDfkVpHRsbuV890j2-LHGLqCRwlIwAIzO31xOJqjb2Jqa6Hi-sZKVLbcJ7kOnBMDpkuXthr-D7f560l8XQiPcC8Q1dQU65xkGcMImcGoNpXeN8-u0Q7mZrdIfKxKSyRvZeFqbgo-rS2owazihjavFEQwPpSaZSIjlwxuTnT29ONoPTSVO00Mvgd8IZidXAYdGwDtgEEhzj9KHuoc0Eg-U8IIaG8BGYtxDn_VSkvnAGsl1Q6_N9j3AOWHo_OjNIYtnNqythDwb7D9EvQeSWw5kHw0XH6K61wP6tz-9ZLXKD6CQuuVNMsX82TSoHF8Bw4icrwCdNDwaGXEmwWyMOMb6TzubVyDhdPNEewgBbg2pOc
)

[24-Jun-2025 06:26:27 Europe/Berlin] Form data received: Array
(
    [CRAFT_CSRF_TOKEN] => KDNQ_IMQxHsoLlS74uUU2XLFDoG9TaaQKkhJTLLNxolDOc-y9g-NBGRnNZDoUvEyd2ER6LCMWps_g0u07AaU_20xGTbnvY_YKnyAyoxY4DA=
    [action] => formie/submissions/submit
    [submitAction] => submit
    [handle] => bookAVisit
    [siteId] => 1
    [fields] => Array
        (
            [yourName] => Array
                (
                    [firstName] => Rajapandi
                    [lastName] => N
                )

            [emailAddress] => nitrajapandi2019@gmail.com
            [requestACallBackFromOurAdmissionsTeam] => Yes
            [nameOfChild1] => Array
                (
                    [firstName] => Raju
                    [lastName] => N
                )

            [dateOfBirth] => Array
                (
                    [datetime] => 2025-06-23 00:00:00
                )

            [proposedEntryTerm1] => Summer
            [year] => 2025
            [childsInterestsHobbiesOrAreasOfTheScho] => hobbies or areas of the school you would be particularly interested in seeing.
            [address] => Array
                (
                    [address1] => 123
                    [city] => Town
                    [zip] => 123456
                    [state] => State
                    [country] => IN
                )

            [additionalChildren] => Yes
            [nameOfChild11] => Array
                (
                    [firstName] => aij
                    [lastName] => k
                )

            [dateOfBirth1] => Array
                (
                    [datetime] => 2025-06-26 00:00:00
                )

            [proposedEntryTerm] => Spring
            [year1] => 2025
            [secondChildsInterestsHobbiesOrAreasOfT] => the school you would be particularly interested in seeing.
        )

    [g-recaptcha-response] => 03AFcWeA6XW1dKKAJjEU8tZZhtju38C7jcIo3AVb2-885dBqHoo1gphtuQ4p4sWrzkgvOKBWn7MZcSh28LwJsypV4dPwxG1uNbsVV6tcAm2VxE7kd6s-sVSkq-jpK0Gql0UtRx-DQgKNCqhPXvhttNTTdV4xDfMvMWMdyWpzaVvQoF58G9ZWcMLEVLPOgl4Ne-ie9T5rwLZwfoDqdWRSi3-JYSMVWwpHFB8SVvdSNxLCBDCLyoFz1DnDyIjfmrhb9xBPHGKRJsgTeSQn6bBzJgmx4urtTNRNQAmi7b4JuZsBdwFX6phFyjU29liHa4vv7-B-ovOC5TXjSB1U0n4kGz7MWwnRDtl5zCuT-ofaMWI-d4Jj046iO__LSOHnZ3768fSMKNDN3yzFgsMLTfeC6N26cxh9F0diaiTgobeKX5JCUE1YynL2x7YhLr-dwDcDU2-FSooRqUzEI6NX2ONiZ0z2yPNMvRH5jMIiFOXKBgBSXoLkr0WKvMm4Job4sErI-SDupj6769lVAfWGfVJyGT_4ZUxVfnhFxIOPncQx6wYtenMV43B796xV_d99xdppY9b9qwZ4jC9Vu7JusYmwf_Yz8V9xMWutV_gFdDXsWPH3oYT3ExUtI94zXeTxhNbZGBfof_2Zi9kCwCvFijwvM0PpQonpOXiLbyQf3cxfMMp83HvrKjYYGlQ8xydlGD_xwbn30F9HGMfSRtOqZYC9Y3ykJjqehz9XEoGrkdAWFBzJeR0qBeqeiI-rI-N2R2inCsJuNjZKF7wffWJRqPHwBrqxbwoMuCO8bIGubp0zUQ54185MMV4H4zW37OjnRS9T5BsVQJKNivzJ_UrNOqVI5SiYKJqXO9HNJQ-8zwb9uyMaZBrL_mft8O-vutlNV4S0OdxJMqlmb7sBaa2HP_XBqp727EC5yQdfCLMiMgyA6iC3JSYTZ4_4d1jGNdEWBPg_I5QowUDHIjJ6QswM6Kd1fO-YWbt8kp1sNC6kJJH2sHnD7k206mAk4CRNwuONfcJy3hxySbE7vPQwigu1Jcsy1I-8rPYY8iWowauRW05VKsi2iy-J9sKREm350EKJ5vxaLDMBvgNgCZH9y98cJ6GO9_X7dlbNmyPmn9Pu8THB8UCqmlKFj3O9yPrKMFGYLweCuLvfrrakS_y4TPO_6YVBMfOKRvTFiGZ-xUSZ9nmWvG4dji95raRl2gx0iPypmwUcusTu0gwpaV9KkPmaVr4HL7hYd6isHcSuPQ4sgBreyjZ7u-o-o12kOYxy-Z_kgYQze63C4vDIPPFhvqBIJbCWD6UuQCUbRrqWwclfPsvaFyg2rAeZvuC50QTfqBZ-zXd8ZlE_h3q3n5VAEN9BL-hzT-NFWzz2gb_KLKMyZEINzXi4XIEXQU1qdT4gFPEQTPPTdijI5J8u1P9MAz7-yXVDAmyb1n4ZRBJZR9TUzGhBOKWfFACel7R_1tC749As612mJuhtV2uyE3vR0VjgKfTrwESgWShh3F-oCdxvn6HpDbL_LzGhHv3KaX4B2yjbGRiOt5u0PtUQ9ZIYocWGCoCS1A9eMrGxW1XRFyMFSrIIjG4ciW4_dubYNKq7mcai_N9nEs5OUP5oM2shnN-JgYsOYKasn2prFW0cz_3NNcDTE5G5muq7nqGjl5RyM7QzeTtJ22TeYYDVuGAE1PEmNIW0wvwL8WZB_EUUGr1fDo1GcbMCQG7NcuoiDIo0BhMqoDMxM0hAK5JAaE74Ap4n1mKDjs3Cnmue1tN7OpVAiSJahVRtfhVx7umXjRUSw70EevCrqiNVr9LJdEG8s0VFKTiM3Kn4i8n3RBv_2wrKwWvD16MFm6lKW0AURYARZlgwuU2uAMOcpl1LeSLuWmks4FCEsAZRJ81K13JkT1F0mClivoeCn2n1c_IM01uR4hTkuqfN6Wq_5IjrVg2dkcKfbxpTLFO6bjt8y7K0-ulTnI-Ljv01TgSMbMUvHc-5Z9cFJDbEtQ2KImli857QhpOKyVkLyUyUtKjSNGdCUQIPd_YvneKjMf-v_mEX_Q2xvnnLFmrsfE9HzROBmhOtSonSRwrwIHb3o272q2x3VXEgR9yb6lbKLxwBS5-hpbMJtnZ0M9nGjGxNMXL31x3e52fQNL_xTFfH4zqk9XS3LO06cwp5wb-uwzDH1RBjJd3WY
)

[24-Jun-2025 06:45:12 Europe/Berlin] Form data received: Array
(
    [CRAFT_CSRF_TOKEN] => KDNQ_IMQxHsoLlS74uUU2XLFDoG9TaaQKkhJTLLNxolDOc-y9g-NBGRnNZDoUvEyd2ER6LCMWps_g0u07AaU_20xGTbnvY_YKnyAyoxY4DA=
    [action] => formie/submissions/submit
    [submitAction] => submit
    [handle] => bookAVisit
    [siteId] => 1
    [fields] => Array
        (
            [yourName] => Array
                (
                    [firstName] => Mani
                    [lastName] => N
                )

            [emailAddress] => nitrajapandi2019@gmail.com
            [requestACallBackFromOurAdmissionsTeam] => Yes
            [nameOfChild1] => Array
                (
                    [firstName] => Raju
                    [lastName] => m
                )

            [dateOfBirth] => Array
                (
                    [datetime] => 2025-06-18 00:00:00
                )

            [proposedEntryTerm1] => Spring
            [year] => 2025
            [childsInterestsHobbiesOrAreasOfTheScho] => the school you would be particularly interested in seeing.

            [address] => Array
                (
                    [address1] => North street,samayanallur
                    [city] => samayanallur
                    [zip] => 123456
                    [state] => Tamilnadu
                    [country] => IN
                )

            [additionalChildren] => No
        )

    [g-recaptcha-response] => 03AFcWeA6rLASpkUjoH8wlUeo_eRIm6RlxQHpT18RGWe17aNhF25k6wZ24uBwxzmgGcMZAxJ6ox7G8yVwG46obAmfVloUCnjlQFpsFX_aYPem9T86xpFGXnpVST-teyQ3PfxcQFiSVR96wuLRMd7YO0quckz2QbJCoE4UqMzgGj30xTkC5JpFYUd6UFGjotIXjdRzB_w_AOTBz5IeU7ysHO9UJxl_7UXE8gzEElaUf0KsyTNWmoxiHkQf4vB8GVyrFv6zw4n2dIFPiWlkqV_kCSaSp3qYFSa84f-Y5h9ToxrR4rSzUGWzwfk0ndQQu1nglu5WOxUSqkuFaMcOjebHh6UhaMzs8tNUcvhV8ZalpcO_6zfe5ohBOIK31wmfipSiuArp9_OZWYQA0ieV4dJJdHREgTGp-12ubVhVn7HAH0mkBwJDZXO0No2MYkYHIHEZAkXjjSHQmq0OfdGNYIpl-ZW1PWbeJjyJEB9TtGXy_ZfpqpW7jgnBZ8mox1FABrZGZqHo5OS73Q-itsWZ7HhVHkocvej8eX38dZIGbXgV4EgEkfyHOP8RRpt8IIhsJNCJ6ctIFzoLeEqzqLWacsUQdbrZ_47ujmOV8QEFs4JsJicirIur6JTfDu18nsFXcSrw3dNK2rPRu_GyO8-FQMP7nTrjnA0LVAq-YXag5s2K3AIjzUJRxGPGH0Wo2mHLyGxWMsOq7CiYCekIknNinhiTlUFWFFHXQiKPMxfJMQD_nPVGGaKXR4FWivjHJGjRJnSFI6KGfTOZReNtOEWfmMxRLhitndQiEPhqFwn6u5xfc44viN5BtSaNMvo9K7YqRZaIPDclO7x7c4CorxlHk3j1EiVf84wA-duqe-4j0Jc6xduzwb3978wJ7l4_aasynRLvW5uiX45PRnrwWxaZ7NQaT15i7e6Lke8BkLoYcmN3cH6cc5xJITb-p9e-S_RMXV5GKsMYXTdBfr4F_3TymO--y3XeCBCwq0Tf_DasXGnE4BEysDLyyaoXPK2cawGq1CwKgq_PicALdL_2L6I3x-XpwSiheVz6-llnOtv1_V9BUqy-0DP3e3280ExYXuy483kiL2dBF5WPrRZE0CKbr-NRNeuDtz5i9xB3irWPXZk2sNrqYEjM2JMjuXZY-pzcI-ujH9NgZ75VepE0GNKtyckbez4SKpUQ32BPwG3RBzXeEneqJnywhULDciyfOL93R-xnbSU6XBlQnvQvwB14ZfokSo6si8wfxCuNZEF1jzRYgtGzhy7sqczZUNVozTwmTDMZY70RGzoMglnJHGdAXHm9MZ8A0s_9bSpx1x-29TLhKDLpvcBzsajzES163NMWHfSkGMQC18lOb80DN3SNXICkUoKS2vvcxez9hGAMml-0mC93zV8fXH3g8-XiEnQgZkS0QIvEnjfNHCeN8TXz8nd3esiGk5xrdBzYh9hlQJMA531SksljApmu1SvUm6-AW7XLN_2OvtNoHTMg5D57GZ4HgvxZxtE1UP4HtpfSJ4vCH0Y42qGZY_AulAgANlMtVH-_T4PfYTwSXOr6uBgf8F4xAgIk8MOhh6bL5kNvxgB06SMwJY9L_30nI87FJ_VZgkiYuyTj2sYe2SrIshqlm4Y4KPH1RziiLNst3d-gz_WnEK6H7SvQ8GOnnDwYeCE23B2iigHKUnlU7bkI17MHRDBXvMyOYjpkYpTPlkGzF5sjW8aGzDArQtzfCJaLq_VgoH0XxvuVxSUjeHtdngx50vWsA3KZOwnmEg_hzFPxAu-r104_t84RKz7goNyQ4e-2egN0F_rvBJSoRFHvHcAuHLy0B-gpUasPhK_957KTllkS03pbT9MKzoNAaODDVOYYaJkK3iicIoZtRj1FjhcCZvOX5CjQ5zrfh2eJLckNqAEQdRSQ2ItowZRfdA9ZbvhqM301DHIBX-XL_TrGHDkNAcRv3QywIXyMQa8RrMw0xSAKlAJ3Y-2WHyMu326gtdpPNQFRxP2S7BxojnythifEOPpdQ8ZE7j1crvMjF4ys7lUT--DxX9uOVpP1-mXFRHKRbgRwvXhzRxvJoTKglN-neB0Wmy_1rIKuFVQJ_pzkjXBbxLuG2GrrOvRXckh_-lqKziiIpw_qT6MFlqCmd9tAMxc3XEGSC-5iFPPcEpA
)

[24-Jun-2025 07:34:55 Europe/Berlin] Form data received: Array
(
    [CRAFT_CSRF_TOKEN] => KDNQ_IMQxHsoLlS74uUU2XLFDoG9TaaQKkhJTLLNxolDOc-y9g-NBGRnNZDoUvEyd2ER6LCMWps_g0u07AaU_20xGTbnvY_YKnyAyoxY4DA=
    [action] => formie/submissions/submit
    [submitAction] => submit
    [handle] => bookAVisit
    [siteId] => 1
    [fields] => Array
        (
            [yourName] => Array
                (
                    [firstName] => Roshan
                    [lastName] => N
                )

            [emailAddress] => padmesh2019@gmail.com
            [requestACallBackFromOurAdmissionsTeam] => Yes
            [nameOfChild1] => Array
                (
                    [firstName] => Raju
                    [lastName] => N
                )

            [proposedEntryTerm1] => Summer
            [year] => 2025
            [childsInterestsHobbiesOrAreasOfTheScho] => the school you would be particularly interested in seeing.
            [address] => Array
                (
                    [address1] => North street,samayanallur
                    [city] => samayanallur
                    [zip] => 625402
                    [state] => Tamilnadu
                    [country] => GB
                )

            [additionalChildren] => No
        )

    [g-recaptcha-response] => 03AFcWeA4ubvN1PBaqFERrfEqx8qgqgb9u5b7cFsYeDtkjTkKr6FB2z8sGd39n-RHAC1XmNdQ0pVxD_cXOW2c0XvBvOu5LvCgYhOhzTjZMvRYXRO3kzRPIByyvIYvR-eLCiYSIhFsqf4FmsuW3Kd0kFkir6ykAdNU6C2ZPTNNCsSmBWwJwtUEG_aKfeCs-kDZ2HnrdD1owOdlW7mJZh38XqupNQzSp779gxaRAX7YsAMQhdMlfwMaGzO52k0wgutcnc4_vp2SCWW0p8CHhYfmvOGnojebm6wTt8dYSSC0lPtz-YPmtoifmC4dQoJyAWGdNsouGtKSipqbOTDKjIqQ-9IJ0MhSK4zlZJ2aQwCBulZMmmlF-f5ypt3gjJauiPtwEd7XJMxaZjv2cbC9ZBL2GLVeY_3AHqCjIzyLluHhuSHd33N4c57pslHC48NPfpHASfJD4xqwvO2DgSXqurA9LdwBDH8F5-jhvN_AU4HscdpnVkyBE7nriDxW7qeetAtYgsybz9ofXHwSh6loIK4j2ri0UN7g083_TD2_pU302W1EVAy_vP5VgX9y00RWuhdz11Z7PbtQJ5iMBcwKXppBHoANTUFcudnEpXaiIlAKeRAkXAiaTLEt6fs-1HZIzPbXasjpP74Fv1gE2VWme_DkhkQUUnoRI-_piO9WbHosnESzByaoH2n8xaRKMAZnXbv4JE46BNDHfS3ek92in6izwk-4RCZqvxH7SQ6kYWwclb-MMCA_9g8kRiyftyOucvJtg_XnWsJDbU-plDss52nzBCwfFKgrN8yE6j9lbDIB9s_9ylrAyxVnp--mFUW0PCeMhw4Cp47F-Jq6cqmWim-qkZ4ZPk4qIREHPRFCROWH73pP3RS6wD4XlKoZvGW1jBUQ9Pl6T-gOR57vCGagyw19LObLjHTSCNppU88z0Y36PZ9DMRbMfE4orG42CEISYRVVWV1AWLhEgOE9FLOV9aTmSkxRVTAASTEL9DvIcOt7dscfXvZZtuF3i-Mrs_SgBo2CADozrkZ4Akou0RdGRb-U9NNVRyVFm9BKYkRgnqIML643iX3jn_9XkM6EVNyTwS3IyPIzT_vCO_S2ItvGXpLYvjdtZ_P_fIClT4OGJT-2RQrrQwYTirQpA8Oe5GL0Ey3253t9dxrNaZ0dCVYHMTL8dSCbkhBXoxWTP0rRimYMbJji6xtYH8x-fGlLlP2a6z3stizWjFCHk-HMTLjWDcP4kcNLPEO7Xa24oUWS0pYj56NehuaN4x1VvhO6gahInm028LcfZg2pRqORSObvwRhOSsdeha5ZatKgx4M3h_cfnnffBUgNhsxFqtWGLg68qp7-gK053jyHAWIYkHBXnw0FhPQkt8hClHrRqV7yE5-R2zmEfPwdwmhyLR7twPSjoIrX3Frgu0UZfCb52PsWa6kc4U0OKmMVDXUHBenqcTRF6yV0hx6UkEosqqx5reHSrCHIoiGuLA8ANNcXK6Fr1DnSlUgF_VNOfhFImNPTm_6byelHlqvn-2HercvAnETO1xiAF-naQ9ezNM2om9gJjRKmG0j26voeU7X3iU7o5HknIBmWMbCT-3UVUHHxDcy3cR8ueZreZA3yuNgQoOY8yta_5_ogV30iIEv4dVG1BTZUFfvNpTTu76VkxEOnSXcEUrMqY-QvC38TDn15ZqS0X8JqcNtL4HlDf3TGOFMy-ys2t5iU30_Y_kZItd_QiRL8Jt9zyi_vPYGwpg0Me8o3M2AIXrVuZYOm-eiYinvWteD9AlG5MdcM0FcPBTsg3qd4W17nNoect25BTKzoUBAsSMQ9YdYc2sJ9P2PgvYX1-MwM8r1XcFeUZ32ETCywYPUW7Z47GLAgTqdmE63Vf7IJjgViaMoVlYqp7atLycuWtwnQpC7h6z3GxDrHkvCuUTfW5j8gxsJVP-dLTkzqpWplPJVHE2Ap8pv8LbygdR4GiEXfFpGleOK_g9r6FDVhoHQ5dTTarXsUWMVpe37KIfDModHZ6nVbMcVppXTsQ3kqQkbjRDORdvfSNylo-8w7qvAorR4wgASkPsH9Y4GfuQUjDZU8EjAfh1CxQzjYEUJXg8x2gd9BAngERaga-BSxtoV18E9QSH9twDpBgZiCeUfWSNd1ZE0Si7LbOfcPeTw
)

[24-Jun-2025 08:24:44 Europe/Berlin] Form data received: Array
(
    [CRAFT_CSRF_TOKEN] => KDNQ_IMQxHsoLlS74uUU2XLFDoG9TaaQKkhJTLLNxolDOc-y9g-NBGRnNZDoUvEyd2ER6LCMWps_g0u07AaU_20xGTbnvY_YKnyAyoxY4DA=
    [action] => formie/submissions/submit
    [submitAction] => submit
    [handle] => bookAVisit
    [siteId] => 1
    [fields] => Array
        (
            [yourName] => Array
                (
                    [firstName] => keerthy
                    [lastName] => P
                )

            [emailAddress] => nitrajapandi2019@gmail.com
            [requestACallBackFromOurAdmissionsTeam] => Yes
            [nameOfChild1] => Array
                (
                    [firstName] => Raju
                    [lastName] => m
                )

            [proposedEntryTerm1] => Summer
            [year] => 2025
            [childsInterestsHobbiesOrAreasOfTheScho] => the school you would be particularly interested in seeing.

            [address] => Array
                (
                    [address1] => 123
                    [city] => Town
                    [zip] => 123456
                    [state] => State
                    [country] => IN
                )

            [additionalChildren] => No
        )

    [countryCode] => 12345678901
    [g-recaptcha-response] => 03AFcWeA4qBdeA2G9eITfTpNpYA85ywSJCig_Empad2qxufrWCbGnTpYICFldBU6ueU5Ja1ZBVUZZWC7PY6mNmUkRwrNSwMySglD_QB-8JU0lcqia-2vdzzajDP1LL6MkbMNLjnTATS-iFbBOrZrYiUkTzOaAXOaTtZxqH2kvRODZKtvab_u8zM_mi-Z3c2MU5TgXRNQCl4vask4TJRIp05a295J5g5daKCKpbi0G6GfhwShNIla6nCotIpy4V-q8-lUA1pXUS8QGXXGKN224xpNL3Ij9ic0bHkKdiysn94AWmZ2pT9E0kvBSc_mAgUZe_G1GVwaK4bhwT_56Y0Zksv6H1FQuvyRb6OeDBBDSLI21fUtzJwh-nqtt-NF4srqiQw7lGKVerkVWnGdDhF4mECGxHAIVgYiwcOUeANEL0OZABipb87-6z6554HrATwo7gJgGLBwqC7tImY9OBCyqA9Q-PQn63IEVyN36Mujk6MDYY9-AvAG4UDBNz4Ovj7zGX5AtkL5vI9o1enL5SOEDQ06vktyYJ_4835W7dkvjtDFrJTt3nvDflBlisVB29zfFUWF2zPE3YZX5pP5ce1xQfoiRYGLbgsSmqzGbWiwYCVjV29__hfLvWZ_CsK1ItTk1PrrGZ6hpTAhkC75HPc2VqXfjzZNNFAfXBWo1kbcOY0CgniKDrFJ1lvpKizHTaBnIHGrWu9Mg9WXH12GENSagDEALeoCFnOabZnHbOk6hOXmIvtQ8aSYLeFQe8aYP8KBUjs2RsduMocq7Ej0TnDPykqb1EyxY2gWATUmLOj0C82QMzwATD25KmnmdSc8XaEvyAByd4rC8viuYks-VFW9deP92A3tqD6FyUNo-MY2_xuwv199-LGJZZOZ0xlS7xAPES2Tg0lN_iUvamvEADriGPfsp_UGVIdIE0iSI_-a3A3E3kJ2O-xIS5MQIQIkAH1fVtSBdO3LuV8jXTPZ0aY-z47ed07lvNZcdauKXvuY6IR_PLDUO6GuQ87u-eHkmImS-lh7oMT647raSCZbUYumSBoIjfhIG-33BQjhkP95NJwJU6lOL8Z9s1BXYUPC984oQlneARQDiSudffh2IOgN1j57_C9fXf-1p6nr5ZIHV_UPlk1HDYBVu7mwo1vgP6iQay9mDcxSndq0TygVv1kbyuChvVCMSI0MA8xA72BRfGHAPqmqwg3Fn-GGA0YQ5C7uA1KljwgbOCMeKzaGZN5GG7M7PM8gy8gI7nvZEP1s4g89gnt7OJvv8IYG41YFoth_OaCfNNKy-oiVQyVWwRl4G1AT-6CUppW7aaK76ju1Xt00gJ4aonTLWgWxHwZtto3_ixuOqRRn12jSrcTNIe_jFi27eFmBE4H9nKX7noNLO0juYsKhDX8oyBkqW7hwKKXUPIjHAdqSfo7n7tQ7lbqaTdASdrg2D80I4gUYdyvO9oB11XsiO2IJjLX_OgfWIX74Er_ExAJm702qON73OB_GsU-Vxeo8aH0jS06KV3JY7cREvPuMSzxKSirfnSTzm_AxjAnX-Jnf7UHtrK_lbBMQy1fzRjjio269pXba2sNjoKdowOMugh7RnoyS0IM2YEcT2_G4tmSdBP6Z0qIDrGtPVlk7vp7_eq8fRbC6CgLF1lOxhVzNp_bcRboO9pOaq2DGemoPOQyBMwcrLYn4WrV0WBdiFizJQLWbaMNeGQ5DkcXqPs18IWorWtbNMkFLCZ3DKzPVEeuuRLYyrbBr5A9PJHUywjCDpE4WFKjNXdn7pvN9v07aHkfOTI1IBw7R3WSyMt5ovzXedm6D17i5UKdTFG2Yz7810zA348gXnrKfc-BVSLKDwGF4FoQDH_Wh9QfF7wXnAwDnTCCADDWRqbXF-ApBimg3Ff5DH82fxryGxFzAKf19N1U2_cccqzIh-iO3hzAGnpntfzmxdavUBTFA7BdoojKfn5mH_zT1h3UG3tpMcKD5Dub_Wra8KKyqeYDaVy-p3w05Q-PJN7qpgxJMXnU5No3Mfk5upsxIRjgic0MkOQsT5sbiy2SKMVlaHOJG5oXxo9l2qaEceL9YV4TxGeW3VYe4OZm1hLXfi9vYlz6VKqhLFS0hrAIy9D_iAJb870q2aniOTIDsMl3PBuQKL4_Pyz4x0B0cHdiA
)

[24-Jun-2025 08:28:52 Europe/Berlin] Form data received: Array
(
    [CRAFT_CSRF_TOKEN] => KDNQ_IMQxHsoLlS74uUU2XLFDoG9TaaQKkhJTLLNxolDOc-y9g-NBGRnNZDoUvEyd2ER6LCMWps_g0u07AaU_20xGTbnvY_YKnyAyoxY4DA=
    [action] => formie/submissions/submit
    [submitAction] => submit
    [handle] => bookAVisit
    [siteId] => 1
    [fields] => Array
        (
            [yourName] => Array
                (
                    [firstName] => Rajapandi
                    [lastName] => Rajapandi
                )

            [emailAddress] => padmesh2019@gmail.com
            [requestACallBackFromOurAdmissionsTeam] => Yes
            [nameOfChild1] => Array
                (
                    [firstName] => pandi
                    [lastName] => Rajapandi
                )

            [dateOfBirth] => Array
                (
                    [datetime] => 2025-06-25 00:00:00
                )

            [proposedEntryTerm1] => Spring
            [year] => 2025
            [childsInterestsHobbiesOrAreasOfTheScho] => the school you would be particularly interested in seeing.
            [address] => Array
                (
                    [address1] => 123
                    [city] => Town
                    [zip] => 123456
                    [state] => State
                    [country] => IN
                )

            [additionalChildren] => No
        )

    [g-recaptcha-response] => 03AFcWeA4zBV28wFPE45bVETYGZVEO-L3XpRDCcrTFQdHsz3rXeiuF13zbQElYfH-2cMgKLReRE3bxeE98M2jR-tyge3GxWkryqGNoGO7LijZxsbEchRMzPGqMn3Gw8RZfr0i3nipPgJMYQvJ3B8gsIoUn1AbNdL1A5iqKj0MiJ8Tmw4oL-AXS3snCjvGO0b8f-ELV7HCraMezXMTeGWIRNoK_WXHUYxmddVowa4p9M9dVD7rXGHrdEFEm-YF-WT5659e7lYZsgvC70yUl4yp3iCRTVwoOgG6HU8SNlbvknACvKE4RdGUxVtSJesS79_nxa8Sj3Cr-cn5FsN7qqsS_q_coScAgYdDIee2OmNOpvVn-p5x2HOSejd_UdLRgF5f0kcNBA0nxgDmodalDHm1AZpHsImQDtiBcOHKL2EiqKFPiIOK6A_FRRRgvFPUECqm8nSk4a0bDjkmZcqx8QSwQMSJhm542-d0-Zj22UDOByRdDSSuKEHYcnOCONG-k60Ex429v6rZt4ccxIIdLgwJXtw5XTjtsVAGPRUvZQVS9RMWYVRlyQbjhl5hXJ-Bf0W7_qYSxuH14AxFw6I6tCKTfHqn2j7gTXiWJvYgGFiq873vKpxm33eiRt_m7EvQgGF99uBpYNL3QwikSRp3BAJ96RUrUf3l_OtVSubBtTS93saCiiKkDzlzcimx9St9iUeBlNLXr6URM7vM6Hqp0ZQAXegc64kdcJBfCL6AhJHQXNq6nno-k013LrTS6o15X7DdZOeYBno-tVjF0EE1tY5Ntqxh_3FVh7LVO4-5TQ0egylzQU6FkKKb3vmWVo2zRnNkhvQ-cn8GxY0DNJVd3888yEVJ9nDIL2hKzuOUJWysJuRm_vb11Li8TWPRgzjF0kJzxb9ALkBJYeVq-5vrJXIbL7ohXwNRKa5Z0KBhoNG5aTa2T5JfTEPco128WyNfaheUVWYX5ystg4xk2rQn168rrltPsbqEkpbpEKfJhm031pM-5_8KwDxrVjxqZsrzTC7yV3nJWWEyNW4vU9gCCHL7czDlPn-a_W2Oj1dI6JkCv-jafxeL8tcpYRlTeytxEl8W7sL2-2E-1JCHrAFjaLVh3gpkw1T_QdUmhBlNs9H17u8Df933WvzMGt9dtnTcOY70T1tYL3EHrEYR4-xcuT93OdWmb0KV86AeLG3nOcC6USkk_zswqleX0Ck9B8NT1rdUMslAAbj89I-vqEBG9t9gbQKcTRBkHVA8hzm5jMZ5-BWHKQ48MCMnMTyg18mkYbCEG_QkbFsJZulvpllFx0wK-FovwZpbnOGpkalNkffvI5Xk2wz0QlzgLsjrTPSDwi7wGK6EY7GnkwVbifP0QOf9l14fcPVQJTRFoF3zYN0wAxiWaWZlrnjPPtBS-AKGSWDs6kA5IajDRmjPnKIBwV8vYczxDoYWzQ0yLFyAgsqn3nXOHEmNxGzj7gEzrMDGAwEARQHDZ1NGVZx7UpVzaDQKHImGaI9PNI5fab91C3H7uSX9JE6skVzXt2mcr_UlaTOm0lHt9jIGjhXMYzNQhsRRA6k5LL3WZPjU5PYnsOPeBD4XBpnHMmEE1dZMrfTvaKUOVizqoT9Jd12LPFAl_4Vz-T5_u9cQaMLO_TUUyPbS2QQ7cCM2U1zQyNyVCpefUCy7g0E5qGwUc8q9-gzoia4KBFcFCylaMoDTTv9apLdmX_KGd5r6_vZSPeC6gcbGERDVC1RZRTcibaOFdEK1L60vkpk82y6g8bl-5D6HjzAm3_VjG4c372DqSDhH_0G5etm0_qdokJGLWYiUSND4VwcHvlSKL583yT-qvhUDMrXD7wWVBuCLZUHmIAaQSHVWWAyGWq2tndoodUXkY06InhX7EBt0IPgVwgh46tboD0ww2nGhz6-HGUi1tFwLdf6LPn4EVJJBgb5U_UZiLZAynkkyk8DkV7TAG7UHXqdEu1QMJ07--c5lWh6uUBgwRW3iRXAQNNgMlED4_ECh0OzZr0oMwHB8RKzScUbCqpMmunvEpOCLmVgZMqz0_HmIWYLHDlQKHZvEGSi1FaSs2hbn16UANqGeEMzLFe6O3SnbZHQAJBlyhvmW_j9xZe9T41kx6fiCdjgKk7AivCAFjC-NxHMpoJiU0zKOwV0-dDg
)

[24-Jun-2025 08:29:13 Europe/Berlin] Form data received: Array
(
    [CRAFT_CSRF_TOKEN] => KDNQ_IMQxHsoLlS74uUU2XLFDoG9TaaQKkhJTLLNxolDOc-y9g-NBGRnNZDoUvEyd2ER6LCMWps_g0u07AaU_20xGTbnvY_YKnyAyoxY4DA=
    [action] => formie/submissions/submit
    [submitAction] => submit
    [handle] => bookAVisit
    [siteId] => 1
    [fields] => Array
        (
            [yourName] => Array
                (
                    [firstName] => Rajapandi
                    [lastName] => Rajapandi
                )

            [emailAddress] => padmesh2019@gmail.com
            [requestACallBackFromOurAdmissionsTeam] => Yes
            [nameOfChild1] => Array
                (
                    [firstName] => pandi
                    [lastName] => Rajapandi
                )

            [dateOfBirth] => Array
                (
                    [datetime] => 2025-06-25 00:00:00
                )

            [proposedEntryTerm1] => Spring
            [year] => 2025
            [childsInterestsHobbiesOrAreasOfTheScho] => the school you would be particularly interested in seeing.
            [address] => Array
                (
                    [address1] => 123
                    [city] => Town
                    [zip] => 123456
                    [state] => State
                    [country] => IN
                )

            [additionalChildren] => No
        )

    [g-recaptcha-response] => 03AFcWeA6AZvhtmIqGY6bFAUBLbiK27kzkduj9IbumX5jlK2F3LaQ88ATjHP-ehcRZGDrdjeRM3fEcsL9A6ax5K-eBCvPY9JjC1ek07P63zjx7Ea_BzClMCgGwO9VKlLmXwIRsEUpWldG7lRTET6KjbuKXbLZE9nOMuXmfIAYlreTcdBSR21Vo9kOksA0WoCIAZQrF3CZsB3mWLasY6TSHxnuyqtYL1728GrPnwrm3jL2DZE1NA6SitqHS66R3gYbrdOJZbOWyvoHY4NAzUpk8VoBMEn-OuEVH1xDzJztjN1bgkBJ5YQB2ptgT36EvoH3sP8l5rj79pGju3zxNo91_3FH0WoIgY7hWl3iqE7gwUMDyh2yWeYpgLaGRGN3awaG9qoXM-rh3gmaHsJp2JlHSj6iR0GNhsGbgv84NRFt7nddB-Sx84WdQpufFbKm8fUFnxQfllX86yxNK6TQ8uWoprWrCjLmDIfgs_dEJp5g1eWBz3EpEkWQokrPQVGwHhRA8NheP16gyUig7tVehyA7XXdP6Mck8gbea-2qKMHl18W8O-pOl7f6kWXx-qLoFDyqoSAWpxouhU5BbPWL4pV2sonf9K5C_26VhGNuf8JGC1fOugA1g1IAWTAPutshY8CVr4DtthfbmXYGnFguMLLj6olp6CAIifCMu8tCVk2q22TIUo_IafUiMwfc76zGWoP9YEITgSZo49jp__bUFVZlZhujYsDk65OBexp8gPpTMSmWdZJDWs21Mb-YweYpgxvhk1xDLwzlNBqaTs_FTGZKUDLxzmT4Q0csKagJ0_wgq5_WQPRpgetmLsy3l6ImL5ZPrSAECr9UycnVfxUTPx5jc50X8I4P70YCI6TjzhgGOSlvqDEteJ6dNTGLff46Opvl6KlzPmO71-H8ax2mid5iQwX_P2s_lBKuxKKZW1vd5_OHKIS76ljfO1BNJ-SdeUx_WUuPMC1vGbbfpJS0OJQL0WaKCfPb6JUsA9OgmWLpt9c63toL0G_lHPx0oaLsmkRI3DWjuhPQ-kj4j9JIXS8TK1dfiaG3ZH4oEJ7WFl-RcBP2IyS-ILRGnVY5YNaKMccZaPOOGCZ6P2pKltxKmE1PWzwVGCWEkgnu2QzA-JcLrkZFgcibqKalZMEMUuwuUcSSrwM2LPRKUmm5uc6Jnq5YSo2nSVIesXkDCHddfAUeIsbEhQ644v58t1WfmVIXf08XU0ir_pRvbUd7dZSanUXrwD-XE5OAvX7OeTHPviKHQdOYJ2i_unUfPK1SeqjFO0lh2Y-azDLpUm4-bEEGCcQormUPt-JC9FZRIMQMluPw_BFv9OlJ2CIS4o9Hc4fTJRaofwmU76D-w-KUgs27BZThZNUuWpa2EmkN7DviSYc6RIRPhQO-IK3rXNeq_s2mcPi2EAPxJRWpoumQGzFUYgrOMpGEol9r6vclgSBGobFkF83saqEuW21MkrfB_zpynj3hFBoxvvSz_8Yv7hLsH_TGTFoMHly8htx9bvJtzAx8KDPbhUriPRVX3T9q3mWkJbmWffXDOV09uJ_bB91avBa_D8h196jg1xDDTsRfh1f5tbnAZz4hMm3HyXyWnr_4BTHlzTjS7hWNKecJ_K3jPV_RMhiW9yJ4Yu_MRArkulp4r4FET7J2TEPhXQus_tSbO_pRxYP2ti5jvvKYR4ecRfxNao0GlljtCe9wE24SeqCv05C1u8SyChN5SxoPoLS8IW88Oo7vSQ46iuvX9vI2PaYQPVn8NKBcJkU6e13m8rtYtcuIzZA1ZGBiQHhY4IyhpBF9ajtJIwy9z4h8r31wMcoKdirqVo7xNptQb06Cxwkhqiq0r6hqm-6UlugnHXpYNjoM8gvdGYLkbYS5qaPGrocrfnc8eR1TVH3tptxAKQKnJvGbbCeIx66r5qeqozhwlP-wNHOWBYk3LU_3lmAaekVAuyqEC7E0rTTV70hYFmMyF-2ZMklocXNpksz4V9V4dZNSg1IvETFL-ZhrC62HRTxSVq7S7JOD9EFYl6nftOASLanRYI9dH20g1INrxEBpDgkYLDIew9FoWH4XlKeFVR3AuGwq7a10duzCBMvzyTaa3xx6z4HEA8TxpUKOK0_kc2vNI5t3WQjo_3xIhnoHztTTzJQ5q5lMtLrSllQ
)

[14-Jul-2025 11:00:14 Europe/Berlin] Form data received: Array
(
    [CRAFT_CSRF_TOKEN] => KDNQ_IMQxHsoLlS74uUU2XLFDoG9TaaQKkhJTLLNxolDOc-y9g-NBGRnNZDoUvEyd2ER6LCMWps_g0u07AaU_20xGTbnvY_YKnyAyoxY4DA=
    [action] => formie/submissions/submit
    [submitAction] => submit
    [handle] => bookAVisit
    [siteId] => 1
    [fields] => Array
        (
            [yourName] => Array
                (
                    [firstName] => Rajapandi
                    [lastName] => N
                )

            [emailAddress] => padmesh2019@gmail.com
            [requestACallBackFromOurAdmissionsTeam] => Yes
            [nameOfChild1] => Array
                (
                    [firstName] => pandi
                    [lastName] => Rajapandi
                )

            [proposedEntryTerm1] => Autumn
            [year] => 2025
            [childsInterestsHobbiesOrAreasOfTheScho] => the school you would be particularly interested in seeing.

            [address] => Array
                (
                    [address1] => North street,samayanallur
                    [city] => samayanallur
                    [zip] => 625402
                    [state] => Tamilnadu
                    [country] => IN
                )

            [additionalChildren] => No
        )

    [phone] => 9361440027
    [dob] => 2025-07-15 00:00:00
    [g-recaptcha-response] => 03AFcWeA5kE4DoZ8TBrLZsi4zdn0yea-6i4e1Ib4uT7Dh7zHdeQFMxVjf7M-TPzaNKkF1VFW_77MNX-lvt2ElqhnUqeVAhVCzUGeZe74oLqwUgLbN27kstqSMT7pSYBR1BrVNOkLb7hH5jvbpbEMf7yO3LX_KBLMTlB9DprwmDx1VQhi1p1XXvN154qw1ShrslLhKvh5xZp5o1wANa5NW_JRd2-vTiQNAhFAlui7UA-VmkR18AOOlKH3tK6E47TZpruKyP_krgc13BBt_QysQixsWEAIiH6J90pa7HRTK0jKZsArrv6b5JfkjByySEKrJl56UQCKC-zZg5Fb1r5GaqNO4CKyZX_WnxXEpHBtELDDtAtO4oPXsdyJbQOGOt9yj4Kej6c1zMRcX9UpGhQhBrgoL2f_lIzYSQLvxsqbmW8XJCOsGHDUcb99hquOlxHDghEXq0OxCURNFc5NCJt8xd4pvzz9cO8wbwvjkBHKjzrq5BIETvHO_i16tTc8Tm4V0LQxFX8wVC8Fb21xlmROD_61GecSMLVfHQyyYcFVR5dcnY1bg-e0n_KuV3YlBl9aQAPz3eRpSottE7QE0eyvQj7sr2HiDMfAI2LRQqeHxq77CQxKbzJ2aZJYc8kd1zOUv9wtsn_ydm4yZ6FMk9MzPdZX0074BAt-xWCkBSk53JDr08Rr7t0iQrM2ar2oufZByqMS2seFXLdqwFfQhczcH01wyuu5l1prRpqUc40XaDfYjD8St4KZ-W-bCs0Sq2tnP5nAul5IFIOlQhi6AjjR2lyhRhRICEDDXqrvMM4UsEqr6Nlzgq5FtVRcyCzjMC50z94qkBtgnS42qTYYgLJNZ-bXVEMfjMwI4QJCvSzTXUqAsl6QSG7nVK4bugtmqJrV5Bc8PkeN9PudSiaXmeOmJ_SCXKG6YD2I7Cmw-SsjYzSiD0s-e5NNBKAm-axRod_-p9-fWFZio0skFl68UjPGZMjtz31d0nQ6qw4h5iTwsUZT3GL6CdhU0uLJofcv-m5ff3AeLRfpupr7OseTxlte8Wdj9eEmbz2ak_2j6FdBSs234vFH9-pma8G2FJJpWoVNpNwyBqc-7FPqdECNcX_YgCZ6aiOjV_HSbz6JY4eHX7JzBDgifQWPsGNMns3kEzAQsN6INd7NyPfvxwpDvWJN5RAolUEPkktNbhRGJeAihNelcGnpf9M-m1hriHib8gzRFD7SCqt5w_4cQBQaH-DBMi_odfOIy3SjHLH09cGnwyYMACkVtLMTqDz2WbRW_IfImuLMWGBMs44HZvAKkzCtd_za8e-LULtUznSmTzz9xtW7rn3yVxdLNx4aIeKMUmQHUj3m1O3F9TMSHjxsFEBG69S6Hmxpd2mWmY27yzQ_lPpwLfE16LqV3rtfOnxCSnPyaRp4z2GR0kB50rlW-CdRzMwevEft8jwCwSf-8qS138vZq17Ze4mH-3CO0UZmYCDZ5NNU-3JotcvDeIJekBvc1509_muUErZ1h4Ka8N7mOox7-Wv5-SAAi7lpvZ7T-mLKrPXlDJAIOhKrLka1jE2GcHf-y63jdMxkorc0maSBrXkCm8vdVrbIPMZS7ydP1X5Js17JNMkmS3dIyIy5MuowGpK8hxQe4FPhyLHAfQfMUWFaNcou6M0l3hYPdftTz2O5sRz55Ra4LWj71oRZ8KWRuRpRm_V80EqhVEeaBWrWx4rKZ2vqjenuXDzp6yYiTiolj26qSgjBP76F2fU_b1cHUKhdbVvOOKKUfZPZ7VJO2XzrJnB5PRHYJo1Pav-z-N49y4uRYSaW2x5sIYsJhSlRl_5G9LN0gKIP7Uynhmzzai2XPYtWGXHEUWzZ4jCZkug5Ev4mw9EYdka6M4mZZzalo8dSgFpNQRGtINqdvBjGPPJiC73z65ZipmAyjX0MdKp8WFx9fr4amX6PzyuUmZVDwTJYAg3jEMslfZMbAOiVNb52IMVv4bTNUQb7lZ7Dwn7xGI9el-4PzuBsDcHgbCoNdKDGZzfDxGd81Jr2pHCJbMBXOW-tsPXEVydgM_Bh7bGZ2lSF3iwdRAObADNUdDKitonXkKnZJtpfAczdFv479O7A1F_iN3g5XUrc0rypKi_TfPpkKVr8YNp4EOD1PzlOXUBu7ryTUinDSa2aHWteJs9fmpSBh1ukbcL9U
)

[14-Jul-2025 11:07:31 Europe/Berlin] Database connection failed: SQLSTATE[HY000] [1049] Unknown database 'school_visits'
[14-Jul-2025 11:09:10 Europe/Berlin] Database connection failed: SQLSTATE[HY000] [1049] Unknown database 'school_visits'
[14-Jul-2025 11:09:59 Europe/Berlin] Database connection failed: SQLSTATE[HY000] [1049] Unknown database 'school_visits'
[14-Jul-2025 12:36:47 Europe/Berlin] Database connection failed: SQLSTATE[HY000] [1049] Unknown database 'school_visits'
[15-Jul-2025 06:01:07 Europe/Berlin] Form data received: Array
(
    [CRAFT_CSRF_TOKEN] => KDNQ_IMQxHsoLlS74uUU2XLFDoG9TaaQKkhJTLLNxolDOc-y9g-NBGRnNZDoUvEyd2ER6LCMWps_g0u07AaU_20xGTbnvY_YKnyAyoxY4DA=
    [action] => formie/submissions/submit
    [submitAction] => submit
    [handle] => bookAVisit
    [siteId] => 1
    [fields] => Array
        (
            [yourName] => Array
                (
                    [firstName] => Rajapandi
                    [lastName] => N
                )

            [emailAddress] => padmesh2019@gmail.com
            [requestACallBackFromOurAdmissionsTeam] => Yes
            [nameOfChild1] => Array
                (
                    [firstName] => pandi
                    [lastName] => N
                )

            [proposedEntryTerm1] => Spring
            [year] => 2025
            [childsInterestsHobbiesOrAreasOfTheScho] => the school you would be particularly interested in seeing.
            [address] => Array
                (
                    [address1] => North street,samayanallur
                    [city] => samayanallur
                    [zip] => 625402
                    [state] => Tamilnadu
                    [country] => IN
                )

            [additionalChildren] => No
        )

    [phone] => 9361440027
    [dob] => 2025-07-23 00:00:00
    [g-recaptcha-response] => 03AFcWeA5o2_kHfSrUMWGKHrVJTzkZCwm44dWjatp0ZUFBbIhkvU1q08da8caCcOapZJkV2LWgBNisAnH9J2ML5SWjTKpR76F_meLTpYHTJvJ3spQC1lirl1lrHWlnxXPrmhwl2ywLntYwsD1MCQ9GU-vp8gdjsrWSXfrY2SyOie5mqzNT1caNcGyREXZ7Ru_i1kpSHVIYKI2tWPArvGPyGIdgdRBwIg6hKeIayKWShlJGIgmTRppYwlN76AvJk1YdCrtU1-h6PUigU4Z4WNScYWM86OXdc6yT2QbHrE0qs4cmjdtCUeSL7f4BDts8rqf3MKT7D4syyET9iklMOJecDBKuWvc8Bo4HmYu8UioB2Rr2f6yWrGoX4rli5NQUMn8P4ZhTfqRRt29nogYt76o74V4dQhbcKcegTARb61Fql1qZq93n4qLaiDzW6pGOxSS9Vn_fkIOI4XdQiLSctd7z_L3-alPXQu0bipURuX3RpDNtffSMOMhs7I-OobR4FGdVECn8Vs2zzs5APAYPPcJRzkSGx3KjLp9e8kfE9_vKyHzR4vPvW4089eupDjMBIF7xZ5QVb63Wo7fC3gPX3mWZdeFXdKjkyfp5lciuUQLsFdQXuAyCjy2DxvkOxllseZYlSdOxxaeWab7dZ9bxdgCEASFTJDFjgQFeOUUCfdzVVdl4tXxkoZK6P3RjdJj2SxYuQlWopVSiJjm7kQGBJtwzDUJQnsvTnbIyYXGxrwvQ10lwAONJXzX8lrShPTayniM9fKZTdA6RXwIooDIWYO1fkv28Es1uv79KVTW8ITalFd1EQuPBHsYyUDbxjGhyBSosjSWbntx9hnz8C6kiILOYx0UYxLqQ2X9lnt22eLMRpG2Muxr1Qv1jFpIihbFL4XqfAt1rFVwCT54Hc8w_5LfHqb7m63FGEIiwAN9U8H6BPc7DWS26ev3xbFSpSLfrnpmsMgxO2lIPgs8pKx5UBFOmlXsJ5s26NKoG7INUKnJ1_o78hWUsJLyuzb-OMc-8B_n16dxMKCWRxnm8wyBge74zI5sgeC3wEL9XOLmBrrnwpgWiX-9JwiA5DcrqiuEAmo9ksMjp5RluCmxhbjOcP_8XLa1X4kq4lwUnptvPi5WhvuBHGVk0XMQdHUJ0H1AMq252IvI6xQT6a1aaQ6GH6Q7D5m2rxlrDOXVJCgfoEhQxogVdq62WE7FGj3VQlabxh3D_tZsU4jo27XxXa65Y4KBYj-kzu3lYr3ZpfQhQsyuVuF4SZ58D4i4A2Qy01m6RQZgxEpUNix7Tg648_CMQ-CNKlPTZWQNl3Y5eGJ7jEex4g1z-vh9JZZpAB90uOxKMZPEwGGuAm8mrHtZ8qsbupw4Rt6-G5bSY1GJ7tQzxewWGSazFvrd-DX59k-30T229m3JNilIRUBf45B7gdx28DneMX7Au90Ri6aJu4O3zk19nsGX9JlGTGvnaXmsV266JnRB7gMFfuLER5NwH_06P25N3zFR1CEqTgGcGcHSz8uAfdweug6ucANXleTabC2SyyeMAppnJrXzntxz7N9FtoKizR3t2Tt-mt64sfOV_YomckezOEUmZ__MzMh-Qm4ectYBuH6vTO3g1kyvSgCgqW8KxRdj5uSlhe7AOq2mzSQYcUF1JeOdQ6q5wvplv_MRfmBizluR4D30O7MrXCPagrJywuuKl-h46aCFRwuPOxYyoX8VV1dIBefDn8o0kSHBf51GyyGpHxOYmyKXm8bOcJR-UiidUEsLNJGF419FGs6pMi1UVJjydIhjY_LJ-L6asIt9eLpi3iCxVGl2LaMAx-LMbCERS1cpla4_TrpW942srv1UoZ_iX3ECT48Wi-1ke7SPSAxLwRYr0C_07Igy945gp2MGXtS3_tniGbxJvB3p6n1F5kaagr6uYUuBNirG6yU2qmodFdtwmEpYxVGvgs0HlKdrK_Q0yq49Fdl8IRVXziMU99P0bTKaXyGYDooOYfWX_axQ4TOd2iL9_XpoiEsZFr6CwztresQk9BfD_pr_0mPw0TlCJcpcKUHHC-zSLIYE6xxKBWh7A7CSSBjbscghFRuxbYvH0lQQLsFmIWzRg615rYmE5S4ffe_si6Nb81sHa5LhIjrj7IBlB
)

[15-Jul-2025 06:23:37 Europe/Berlin] Form data received: Array
(
    [CRAFT_CSRF_TOKEN] => KDNQ_IMQxHsoLlS74uUU2XLFDoG9TaaQKkhJTLLNxolDOc-y9g-NBGRnNZDoUvEyd2ER6LCMWps_g0u07AaU_20xGTbnvY_YKnyAyoxY4DA=
    [action] => formie/submissions/submit
    [submitAction] => submit
    [handle] => bookAVisit
    [siteId] => 1
    [fields] => Array
        (
            [yourName] => Array
                (
                    [firstName] => Rajapandi
                    [lastName] => N
                )

            [emailAddress] => padmesh2019@gmail.com
            [requestACallBackFromOurAdmissionsTeam] => Yes
            [nameOfChild1] => Array
                (
                    [firstName] => pandi
                    [lastName] => V
                )

            [proposedEntryTerm1] => Autumn
            [year] => 2025
            [childsInterestsHobbiesOrAreasOfTheScho] =>  the school you would be particularly interested in seeing.

            [address] => Array
                (
                    [address1] => North street,samayanallur
                    [city] => samayanallur
                    [zip] => 625402
                    [state] => Tamilnadu
                    [country] => IN
                )

            [additionalChildren] => No
        )

    [phone] => 9361440027
    [dob] => 2025-07-25 00:00:00
    [g-recaptcha-response] => 03AFcWeA5YNXe4e-QXZlxaPS9DXmyrdgKkjqXGx6aiUyd5VfahIvjYltmU16SFU56ofeqDYA0Nq5sMzzCESk2uHfkI69eWOky1ZrmJJX5YDWPf7INZgS4EXW5J0-50ACYyqC7YZO07jC17YIqNscPoIDspr4xU18sL7w8_u4INcjSpNxQRzduvIJGbUyQpeLekQPD0xZlzvObdWN_0D_p0LAX35wriVkrYOH_dG48lhpxPAX9uDsQh4h7gQmUxwsWQKVkRfYgyaVRZA2w-p_jXIfMIcB8OljAmjpW1IXHe06T9h7mN9FfcBTtMuah7n04nVgTXJ1jjfF1-ofnG_ulTKcIaDnz1eWsv2OSs_5tDIvvKm3h-xhTWhp9TZ-6wXQRMqx7siyYOG1Wl8XUdMbJ9GXkpV2izb79nuKky7MC2EirdGhRh3tQ_r1WHb_Xv6Z0sVuQIcx_J75Dak7r674kT3wObQ7PicjlMWKTEef6ODP-m7UIfWkWESHpP9GLjeme3QsbXxwhQWjqCUCjn765d_NLGUCBgNDGVHTX9KryVAIOD01ja9yFrXg2sf41UTIkMIYVf-wtnHPQXbIpqV0Nzuo0CTaYbDK6nN2F2Q0-KyjYMCgsvCuVKeZTyf03NRwLHcJYqRG_-zmXg1VVKd9CgIm4I3v1DMm3DXVeBh-lnkRFBsVfh8wtC44D-Ehjz4Vb35RMBMp3uXDryG-NAQulKIS_42cwZMDgUPpAUMNIPli1_g-pKS7XWkmnyKcOzDDfFaP0VUuA0sahi67TGhuiewe4fZMdZSUHBOo4qPWVbZ8mv9CGR4miR1ugRxDZWN8qNFuNPXFpcjDqyclSOUkcdEjrL-H5pSZdeC_2f4b-DlptPUlvqtpXjki1VXlqoSRtLAfZr_iTGVpl1V-boPiJU-mgf9Y2phKoGUQRudqRndpA9_HFxB2PV_ltVqsr7Q09viMBbr7OrBbjyQ1D_r-Bhh8scTGVVbCNt7N7EM9s7pY-kjDPkqVGLRYZxbGRqQ_nFeidRduIWYS3BbFPOeBipE7UOKV9LxTqt1t4ckBwVzWE1boBIWdxBTCtxwE8vEAX_X6n6G34MZVvZBAclDbvGC7TcxOXOCQfVvIJcuvhXBE-JNUvpkeB8FQxinFBe8sZf6c3_Ahkib4o2cnBeJvix9XRztDGXvDyVAJ06Bc2ib8g-TZkO9XM7qZDW6msqObxE6ZmWY9BzQyPpK_mMpJsDwuTiG2P8VrT83lz9-g9v8Y9EUDpwMH3O_kw1K-lcghNTdEIZVz2qIUEzLPOP2yOVM87jlu6CeNWvR6oWu592BOdvJ9Z-FyooLXqhQwVvRdGI_EXNxOWw29nmaVcryXejsa8k-PnL3NXdntYEpTPrIoSQi-3LHQBV1OIvIvqqu2anXUJdkvnZqGpDdmqcdvSAOFKWhKJn8zHh4z5NMwqwCQJ7MMfJKGAeupUd2e3Auflr2SBhXJnEzzHvdFSL9wyTrDa5szx1yLwhpIisKRko8ofpb09l0C5em7Abryof3lDJFv1raFXglT9FlIpwMiAAfyJY1Sk0uhd5ReiBlf4Gq4HDW21tuj9gRWMzT1L5PuZmJPoi3EqDKLkfCRcMnfAVeDh0RfIIQ8w-c9_zsbbh7ao7s-XmUIZxDKmhFNoPwcyKks0xxdbbhQDQ7N_zyGUjhzDqk2iIny98yXpciZYslexlA7CN8o0kPHY0TJvJp6o0w6fDy7WKRolEr69S0RD8nxQztD-rj72UD_wFB03isFG27xa72WQvR4tcMRUZRvpe5gc9dNa5GSvd7QcFOrxI9KVAym-RKw9lQ3Q79LtICpUDvxpLmGHuJW0PsZ7u3egTFAC7EOurju9wdsJgAEIqmXpKkGDr7UYR8iR_0ysIlJcUPWDTtmjDyUUk6SBiFuxPQi-3MNWuQ8YQ_ert-DZSN2tr0BBJsp5ojv_8HS0VNCI-14AKBhe-InXlUkn_T284Hs8sta3ahTYpk06DMeduqhhn2n7HJHiHvh2p5NlRqGCK87VDu_3TvXCx8il2cS9cl3sJwv2pfcc6AmxFInwP6r-CIbhP9D9vptffib5rgcBa0cuvhOLKoihP0M5hbVnBFJcUd5V_GcUHy3buVdPxzIhVmLo6L_F38w
)

[15-Jul-2025 08:19:50 Europe/Berlin] Form data received: Array
(
    [CRAFT_CSRF_TOKEN] => KDNQ_IMQxHsoLlS74uUU2XLFDoG9TaaQKkhJTLLNxolDOc-y9g-NBGRnNZDoUvEyd2ER6LCMWps_g0u07AaU_20xGTbnvY_YKnyAyoxY4DA=
    [action] => formie/submissions/submit
    [submitAction] => submit
    [handle] => bookAVisit
    [siteId] => 1
    [fields] => Array
        (
            [yourName] => Array
                (
                    [firstName] => Rajapandi
                    [lastName] => N
                )

            [emailAddress] => nitrajapandi2019@gmail.com
            [requestACallBackFromOurAdmissionsTeam] => Yes
            [nameOfChild1] => Array
                (
                    [firstName] => pandi
                    [lastName] => N
                )

            [dateOfBirth] => Array
                (
                    [datetime] => 2025-07-10 00:00:00
                )

            [proposedEntryTerm1] => Spring
            [year] => 2025
            [childsInterestsHobbiesOrAreasOfTheScho] => the school you would be particularly interested in seeing.

            [address] => Array
                (
                    [address1] => North street,samayanallur
                    [city] => s
                    [zip] => 
                    [state] => 
                    [country] => GB
                )

            [additionalChildren] => Yes
            [nameOfChild11] => Array
                (
                    [firstName] => 
                    [lastName] => 
                )

            [dateOfBirth1] => Array
                (
                    [datetime] => 
                )

            [year1] => 2025
            [secondChildsInterestsHobbiesOrAreasOfT] => 
        )

    [phone] => 9361440027
    [g-recaptcha-response] => 03AFcWeA4lTxTCpDOB94AkcLdwbFVhHT-hrtiMejhlaAwTkGoFALvX7z1XxzGAWNS_dUPQecVdP1Ban8k_49LYzrw12UBY0IgFmIqo7YyxJvBfX7EJrThY8GSnITEsFRNa8clwjwqUK5FFdueZIcrDDVI8VwD9hs16NULEN-wZy8wMO_bWMJmRMC3SV0eEv5DNBFipgGTY42nTBbrqK7L2mNill1pde4Z6g5-IOowuKBTtgvtqtQphLwyvRl-YRjAfpZhDt4XApBhTtuyZKbvyGFrIXP3k80HJoUbZq12DG9t-C3Rmpz3hjHQ9llNhWzBoSMjZEdUYD6T4mAWzqmQ7-ktpITLtygESmTAC5QlfGm0CbL5cewYYCXXuGtrMeyFxikOjzXfDUwiiui4dhIgK1NymRkqfQoiGuI9HP4N96FFVTmZL3Voe32n15jIdnnQxW6Oje2v1LAT-l5aduOP9jG-3zMj7RXb32fa2Yw-yi1-hjd1PE7JriN1v9ZgJ1IRUe3zcNGZ3cddpwy-2E5IMVFpU-5kW4Ygg5IFEO_XxFAxKxMCjULDkjfwwNL5BpntrDRDbgMRFRQKJmww4DwKrfwu2A3qg6MMZFsluObZKZexUXGjJZa_DdaBjFSijV8AhH3zx7Jqrq1U53cF64oyh5qkJO-HuW55k8JKdSCUz-wdn0HjiKredz3sPhZqUKG2JKtJkVyqbzmO6oU2uM4cs0Q0wjYLwf9ZP56J3JgbMXWwVHM9iVv62VrTkwZUD0PkwNr8sxsLuirsISWPWM3t2lO5TVzkMRKAJzsf6rONfQCaZcaDP8-hkkz1hZAB89OA51FXE9Ekrtwjg5HCpRbJTymhM_178GocXhI_z6UbvI42vc5PLozYUXFgJHhCu74yDIQMsbgDhe3xRrofxbgc6UHWHdOBjWUYcAfiWj9cEfvCG9r1hx19KMZmgF2czbIYOBdDfygC77w92tp7kPjyavhJswm58bpq4p-21puTnx2C9ySbMH449gAbN5Qo5fqSlHH7xUO_B_xhDELwJpD_n_COf3T7O9Kfyv0lQF-kl1ICFbvvn2ciVnu5AfbIrefJWKNz5JckxEU4KldWRPLIOpeiawClDUz1f2MexXl0AhJgsPZAJJCCIrFc0erDsRbehJiCN8Nna83Bc_EMR1FKOUd4ocoRmmS0ELNcRf5zgTJbl9GoLP5mBZglpC6BAYPdTZJ1SZmS25cxN2UFdr9BMgX42f16vhrBeSfn0hihIA37KTnWYW9EKHFfNjRdXTJ5_hXO9EqN0Tev41A0kf1zWU11jQgovsjDJwfBCN75wlJ5_rfdiiFtW3XzacrFVL7dDEDwdOr5W2D89Ig73nVESVqVKkW2P63K2fLvSMdrTeGLBxmWJgm511AxCvhWYjvDGAF5o_4XAr1cQMiQSZ6Skv3YnQMVUNp1tCb5tHV0Hs17jA9Wbon12RPQsIayMySpAAoXw4F8XmCQffBsgbfBjl3Qwp51okRy0n0Dkmb2M3FrqO7sJFG09cUgIWkw1JhBhvdmBZfZDiza0ueO3J9Wbwin5j5HLNHWHcMJyk9SEE52B-Te4uu0Nyd-nlY7IzLgJHpzARiGlImrL9SWJ5G0grx9Cl8P6WSgPPRnoIdxMrfbsmZx70M0DnLYgsDELciA6-ddoM_PD-HM1FjAn3qyDJ-gRq4OPxd109G1PbFsL5J-0dAXqjsdW2YD3fcaGLcv8CeQo-JmLUtgatv0ZeiIQNXnVlHuff0Ta7wDblDn0bj1yQgOQNn-HVKWBxD69dtxXraK8R2HcctNpqIuVStKuvCmwYsnQhDpfRvmdjFYNHd_uNut614Mct4SohhCyHJvxTGbLKjFeRcBlA_vdLN7OBIa-2UFCJZ60YNDknQW0Zyd1UJRH3gxDSdqytO5VCD6UH53d1z05QtRmwG--D2TX2zX1JEv1HATk0xU7fS_ecwcLWPhSvDyahVgITM7l7cBsqew_tTFD-UbjRZc_K9oY27lM9XCXh56mFAo6SRzzkEkoUgx-p0P4DB61jZhTAyWj7WY7v423ArYz-TwRyzfHcXAoHbp0BZnx_UXrX7ILjDjadMjLMd7lvvufJ92DJWCpMEZf0DrS1mAR1lAXzg3jLZS9ARWMa8b6zQ
)

[15-Jul-2025 12:44:08 Europe/Berlin] Form data received: Array
(
    [fields] => Array
        (
            [yourName] => Array
                (
                    [firstName] => Rajapandi
                    [lastName] => N
                )

            [emailAddress] => nitrajapandi2019@gmail.com
            [requestACallBackFromOurAdmissionsTeam] => Yes
            [nameOfChild1] => Array
                (
                    [firstName] => pandi
                    [lastName] => N
                )

            [proposedEntryTerm1] => Autumn
            [year] => 2025
            [childsInterestsHobbiesOrAreasOfTheScho] => he school you would be particularly interested in seeing.

            [address] => Array
                (
                    [address1] => 123
                    [city] => Town
                    [zip] => 123456
                    [state] => State
                    [country] => IN
                )

            [additionalChildren] => No
        )

    [phone] => 9361440027
    [dob] => 2025-07-24 00:00:00
    [g-recaptcha-response] => 03AFcWeA7k_DtQ-wcCQaM7EuogTGKoTzVzMaFHg56GmhMBkJ8AAXzM0h16WxOqJYL-dc3pwmyx27x4wGLki8ZcjEKZqaNLC-J7Tg2GgeumLnFghAvqdXWjH7uj0rNrG_msU8i_3a3Hv3i3gEgOebcm0dXTI8ppceIJNJHGT1lG70QhRAeRH56a_pH9ZbAHXCqCZ7uN5x4Ygb6xLsL7-v1UAbKXFfVy5L8ZxERAXeGPNnFxXzhnz_yhRRPzh8S17st5Zm7648XwNuioUc6hIlJm1N53J7luPTD3c1BSj1Qjyu5t8vEMkfQIHOpVONCgj9KpRZA1fQRJ86W45P-bhFdUKY6141kRLPleyG_aWugSwi1hNZLBqzNiNC1ktb9uOeZselZzcETm-GRxJKi3LJYBqRGDEyAFlrM4lqTI5PgGKCor_rQFsIRAgPCRme31pwAau3xaHcr0c_iVkbpw2RHe3W0dduVrS7dkP3h8B4xpWzA_8llPqAN54ZLS74fzVwvwjKLuq3IwZLHcBSJeix6ENb588UcGCkt9E1h-O0phIao1ILpOWRTa4GW5ZgmpGRlYn8x6rg0FKKQIvd5OSQjlXs4VLdxjwHe2HxhdUD0BtBLlmolhtHUHIMlcsP2ZoLu3IX_epgAL-V34cOD0wUQ0B7GZKJ1f5lZM4LA2D3duE8V31cLCWD__fNI2u6OC4vlVJje5jgmm_uNFNIU7dKJniXMc6mrwvi_XhBVX2NcvZDvFEEJci78JtBhKahH5N4Ruw1NTNLxGwfsDVBYhhcO_YOMJUfzANigJT-ExkVB5z-modxF2R_B_9pWikgwoY-Rx5iX3iPp-kCywAPVByLfJrKcF_m5Bmz95ym7Bf02Epj5c6LzA0PNjmomLx_9DPkxNEzHbPw1zqDTOBgeYlAkeWcmuD9tHinjU4k23rLl32ReE7D6tQGSMHGlkRVZ03wC4QdCGdCucoE_PwtZSpoI7L7zCRoZlfdXRtjNmfQDpZfKxUD0T-s896NJR7XBhts6g2_yFeThnRWrB4MXp7Q-M88gPvEBjEZwlZtRBLakBdwVp-eqMf0UPsw_CkY0uvqQUBz0VyIGC20DhPl___4E1bWgBw-AJ_-OacFBlyZnAovnlxH8pYZ9MVWiGKZMZvkqbZY2goEzfpd9WaC47DuNNhxy35nzo84WTTJioTs3Mskey4uNNO4ln9nMALdx4cSMLWY10d1_n7Sdsae8L0IERY0eXc1g0LOLjp2YGF6pYmalaoP15NxmHcWiqVFiDV9o-gO6Ebsln9wbO149_CbCheSyY8RPceDfJnac8fPeFjlKutaW5xX8axa1yhRQgKFO2Ve-Zc-LMoJCmEoiacBbZAyHGz9wT0yhZ92vh6WyE_s5rUq4bX2wiqQR_JPdls5r8XR3oyc6aaRl86ftArm7b-8Dn1y3c690APPGIoaGy3y3zlJPWkzk9vtwnmXPdLLYC6cVFOSQ075yQFo2gwNhfF-Ysd6UdlqpWMt_0c9Tgw7zZq1vdZg5z6fMYxEG7T5XQHCb9GQ44aTYY-iFJSAt0t52OXemNsXaYsX6i6bnjrSc_VOwaHSxs-uo4BLYhv3PUyCfgewL6mxL_KwRMq-Vp0BvzHEXKWVkW3AQKRQx1XWHVSUYzU552jsPYHRSZ2DGzGgbARp1PovG_ElswsmzghGuwdq4_NkLj0Kz08shM_CPQj6o5Yl_1NfXTM5N3HFV85CebG0VeASVxPdHRkqVWQK0bD1nv2wvIbecUcct2UABGHZDZC5yDu1jxty_9IlcUgkKiQktHg_vW1owHmZAVYLqKGq5Jc0JevAxUmZlikK0F9-AM_uwVDGe2G4Wnn30Rd447aWiCfpOOYY0FqpfSLY_ke6kC29hZn7Nn-tZOGe4wMkU8Dyn12qRI8dWruwMJsE5fbUyiJgeiwMvodzmOC9q29ZskaFn6MXNReq9tFfBVrVDi3JMP9rFYaPKXjc3db-eU1LfsZjr08RVGMIBV2_btTSYdpLV-ULOky5V6iVn-ruMcozLw1GRgRw5BGn_GVc5u6a14uhcLv8ZE063uDcmCYWJEXDLHoVgWjXFklepUrlO1_4FVndxnMCmtd1D7DqONtchNJh6xv626pox8W9tpElYB5B2sgg
    [submitAction] => submit
)

[15-Jul-2025 12:53:09 Europe/Berlin] Form data received: Array
(
    [fields] => Array
        (
            [yourName] => Array
                (
                    [firstName] => Rajapandi
                    [lastName] => N
                )

            [emailAddress] => nitrajapandi2019@gmail.com
            [requestACallBackFromOurAdmissionsTeam] => Yes
            [nameOfChild1] => Array
                (
                    [firstName] => pandi
                    [lastName] => N
                )

            [year] => 2025
            [childsInterestsHobbiesOrAreasOfTheScho] => the school you would be particularly interested in seeing.

            [address] => Array
                (
                    [address1] => 123
                    [city] => Town
                    [zip] => 123456
                    [state] => State
                    [country] => IN
                )

            [additionalChildren] => No
        )

    [phone] => 9361440027
    [dob] => 2025-07-26
    [g-recaptcha-response] => 03AFcWeA5QNclLk01beXqY9Bv4gES7KoRgA4p2MbMJwxkyL2qmLEy6d8rxIEQVTnpdCdqhr3Fo4zo4XF-Fnf7MnYNk0bmsorVsdd1pBw5izQlog7fS3cMDM5397-FCPm-nPqjtNtlzZ9LPnrj6TRwlNKXZ6kBwFCdp71MwzjxadN7PF_oLWacPSkzQ_ALia1CfmfurQ33i6YYreIUJNJTl06RdLKhVYXv_8FkgGSjwEKlPi5nXyIhoCGt8ZRJZG2n81DctJKHNDu30ROIUEW9g8_fFdLMdruNw26AEeCO6tnB896-r-2XfwiE7RVXNyUlKKa56QsA5qNa16BhrXuU1O0CYqx2-FzzxEzdMdHEHBrCSNhe2ePRG1gqgiyyNLX96bgkXkr2L9N-jG98_xFSSIpMkdIBpXELfc66yl3Ap73_6psUTpERT0VjITKljXg6fie1qCpXqgw8uJMTSks27bTNpHHob7YJG4-2-RiAPypC1GmijbqlSxjB52OzrG9ry6n3vC9MkGo9JxdecfpQ8wbPnYzg0iUF2oW9LS_Trk_RAgQfh9g6nT8ZxB7MEKk_sWvm8sEWW4E46AjxbfuAPNF_jsQRPQG1UdtQNdhFIFjwgA4rsvTWO7xcmytgxNu8BP9glh4wXrdUfxdws3j06qqaiBsVasEkqFBuXvo_5LdGdrAzV6I3FXwo5g-ZscabeSA9rEH7dM3I1bd31LFw-Kv1KbEIjSTcqXdflq0yvTfRdY29sZ0VGQgBBIMRuhcp_W1w-vtuuSpZRewkoN10uNDRwmHdkMOCduzYAJkKu_c-0gVQsNEuUQyJzHoQfyYN8f5wsJm2fLnTWWnqiUP4_GqWoAHQxZhOWsGOBIMBEFEutrCFJaChUFU3-z3TvgrycYTi4gkQfvSHGw1mG0-Zew9q1rnCPPyyUg70VgHoIj2wcid5o9jRFa5NHvZaZXiG9PLODcZUmGNEjl9yrg5E2vxZvDxXg1vB5tOSwFqIE2Ec8WOGJ4DA-hlddMJ4GwCkjFoDJmQFPjk1AcaxdYwUTKDpanBujTKBFmHTFiUg4AHGd_iX85pr7S5UzjaF1YVJ24QYRi8W6cdf50WETfGNHKxKIBA-XiAJMT1h4Tyz-MreKabSD9HRBHG7xmJjUW5PsQgsqB7NwT3619nZeYos0fVPpmrdRTdwJYaUnHsJk2ccf4HiLJvWW968uZGLmJoz1FDQKvHyhCjMYTkkqAhXt1pQrUBWtyjDKtxXuZZ2M57D45bR8AflY6frHIHGCkhgqWofQDr4c1-ClSIM7mfo_empsldZmLfvbBqA5VqnT92QwfGthsRmeX9K25-O7d4RCXXYK8wfwUD3vGvIiwCqrFxQQIuq9FsTA0jddsGLB8JDOvGG6frSni-sanobG7RUdMKWB2zyIHsq2ca30PeyG89lyeE8WA7hNM1710nQyu5eCTE0JH0S-yvz9Ayp8Evf6Gy8rsWV_jqT1-t6SQ7QgzCdv_5YRUa_v1KRE_QnucjqQN3kk1K5GZVILNlXVYoIMh3hX6nPCp8E7GxieTKP9Hp1aZon5HMENnFq7q-ooogua68OX5H0SNCWqYc-4d6QxpcDqP9eYLGMGzIg1Y381c6j-wS9PUHBKPIgVMzxPtXJGwfKNIAvE-YFqfkL1QS56xdU3gG2lq4GsfOv4Odz-x8p9DyLiH2oO2cQFwaJmXzTzsszJIeXkR0fNjKgNCmvzkugTUmH4jvUpraKLH1RgO80HWn4PPRlZd6w4j4rwpISNARszebM8M9lmIAMWpoev3PxpDB-YYr7mL-vaxzUx7X-FnCP_RvmGJHNuBkaiGxD9adbyrcsYEO4XgqJVIqWmt2ypP-Wq-TVs7hEf5YB-Q8ywCo6JVjodC7PE4wlbcguA7gpk3Wv9GhMNHvUbkGD3So1ZHIRa1EKamCnjOf35AQX841p5Ev0xjiZVV6vfSqTErmLE_DILNCrDajVz23KXPSUOFfMp3rGBNZU7OG7zPb-UDOHs6qxkfoC-KdcT1mGzCmPlK_cDQfrMCJ95l96ZaCMT-55wjCUyRQc259KS7Cts4XUwLcFVoUSCTrC7E1OXU3MOwYQOUN2C1gkSifkPs07gsiFeHjCIe5429M3aSKz5IMbXPhZfRg
    [submitAction] => submit
)

[18-Jul-2025 08:03:35 Europe/Berlin] Form data received: Array
(
    [fields] => Array
        (
            [yourName] => Array
                (
                    [firstName] => Rajapandi
                    [lastName] => N
                )

            [emailAddress] => nitrajapandi2019@gmail.com
            [requestACallBackFromOurAdmissionsTeam] => Yes
            [nameOfChild1] => Array
                (
                    [firstName] => pandi
                    [lastName] => N
                )

            [year] => 2025
            [childsInterestsHobbiesOrAreasOfTheScho] =>  the school you would be particularly interested in seeing.
            [address] => Array
                (
                    [address1] => 123
                    [city] => Town
                    [zip] => 123456
                    [state] => State
                    [country] => IN
                )

            [additionalChildren] => No
        )

    [phone] => 9361440027
    [dob] => 2025-07-21 00:00:00
    [g-recaptcha-response] => 03AFcWeA6LWoHX3oSveKZ_k4BAJNYJTP9bSh-bUgFIsh08HHv24T56t0x42NeP1AM6sd0PVrMBoE6oZlErZTw6NqCIzNKjcc2q27DCtT0hvbNEDZ5g-peA9KvPO1A-Dw58LGI9Veg9Z5SZwDxrM9HYmLoL2DTk76pFbhgkBtREP5VGULWfdmunTweSZP6Lw6nhxMSi7cpb9WLeXymVodnb7s944aD3bmToeQpswCBrbECHbysgFerNrFlUXqe_2lp2xCJD_VX6jqcdNkcAdNW3HZjZDVADt1teUZINHB2TL-4EO8JLqaIWRFAYJbTi0jSM9PtaMgVFo14f3BNUuv7C0FfDY7RPjD24HDQ5xqeR8-leY7SvhBgGtcdbMZ5dCHTJV_lTp5-Vj-8aRWs16Px_BbnMiDBfjre_MC7nTW8GfszDT1FJhCTDR6ZbOfSl8pveZfqJUjgHTAztRJQ14a96UsUGCfZdzt1CmkfLPnMw2x4JxNafBiORj0bqN3hGxvDvOgHEdkMRK_M6SazLSwev1SuTNGEr_eBmbjLH-lMddoOxzQVEV8upHFUK-OphH0SUY3ycfwH3iYmLpyqiKWEjYP-v0KoMCO11-CLqgjeE49yGssJEIV-WCCS82uy-6NY0pncNMfhkjQlvZYhdbN5hrEINLxCi8LimJ1nPtlejvaRFjW_2Xb1HtjL7EVb40FeAdBBK4PXBIv5el9D3vKHoBvRAi4tnZuDT75YzyrBGDSAuq2gb9JNtiYCFoqX1RdtXR0cieadGd9TebSDwAqHEDzOxBJItmLJ9s0hTyLEOliJJRLmO0gnHxW4m4AlBRaL6RF-7j1vjjtFWfxIuI7qVvo351BkR0PqGy8hnWcT1KDeLnc9aIPVri3nXAptToaExWmyO_a63oblx_19dqLe4qDyaY_Ons0DEl7ffwler7iR4xRZTH73fxyGdEgmE_-_dI48qnf4QqlOe8iz4kIyVcZpFIizTZ0EIFF2CSUkrTVZpAzq9CQislodI12eLqv951MwY_Vhv7CB-MgS4LE5e9iy2BW1ZmFByffki3LqwyluTKTVwkDoHYuEFGUEnri10hy388uXOhM-7a_DxjZ1jEgVP-13vp_qSlwXzHd4QZegnPQbWPbKDVuYXBPvWeNJbvk_hQp1uJzlcwP9Rtq1sL4966bSw-JV992fO4hylwgU4CCTOXxDpF8tll9eGh9FNAX86NKTBdlcuMvpY5-_IDv7kFdSYZCg0s6vveW6ALQmCUDczDqTRHiWXqNRc58nRj5N1-ISyor5Iqwq34uLNvhWuIHjtt0-_NqS8GWfWn2TI3fWfJgc6oq8Z6KqJXo7WfY3I3NlM6qkmGslq9phLOUQIGkoAOXqbrEpwNH7SsyD159mxh3pEZJ4A1wpU6uIqVcUwM7TUNezzi1QHKSiZpSfOukSUZS3Hj0ukAEV52AVS7mkSJmiQ2rbVQS3JAejLpbfA1iU78iwdpkvBCjI9bjFPyvK_q1JiH0DrMQsvSMSsO_lq2dT60B_JpZLa6AM4tf4n6XXMslmzcwXZBny8YBCEUjb5n1EEwCuUgxtbQmZQfTDRSTaRl1QJY1Xs5Q55xoirMRxmrwbYQ1-N3YI3vaBWaljKs6AvBeQ-KzADLag4lcgm3oLzx9YiTgcuzZuoLM7WxitlkuVKp_KETEFV_rdOC0EBnMI2nkkv_x5DYzfmIGf2LEMH8OTU3gImRY0BOqirr2dTS_l1CmQH-qRv2ow7U-kKXWzLzTNL9jQb0GMWcjbKdO2adtlkPBDBCKjAUXLvYtywQmPT0Ov_Imq9PwmC7mi1Ix_4rYp12i-JPWdzgKcRkij6gxiWwVRkb7dZTGv0ujswX8ULwvlrj-YNVQQ0JcxqSCFeuADosX9MrRwsj7JI9V-XXLSr9FrJovp7p-cBjDtifOirCr6J_K_xBCGEs286-ocuAMqh3tsU78OvAtTW4BPe3m7klt_m0N_CrSPLMEAw7nMCtCSGUmBoR-5Dxwxpxdg44ImC4meMJgTvTorecpoTpG3sJ9Orpp0QreBB5vdyttdRdka1rW1lbinfm59F2TjTB3HBJVXPEb2Ph0DPDtHh35Z-Go3o9wYkvn3iq4N825V_utYiTv9LVXAjBTYdNLYSbA
    [submitAction] => submit
)

[18-Jul-2025 08:03:35 Europe/Berlin] Database Error: SQLSTATE[42S02]: Base table or view not found: 1146 Table 'admission_forms.visits' doesn't exist
